#
# A fatal error has been detected by the Java Runtime Environment:
#
#  SIGSEGV (0xb) at pc=0x00007f47c189b28c, pid=24458, tid=24473
#
# JRE version: OpenJDK Runtime Environment (11.0.11+9) (build 11.0.11+9-Ubuntu-0ubuntu2.20.04)
# Java VM: OpenJDK 64-Bit Server VM (11.0.11+9-Ubuntu-0ubuntu2.20.04, mixed mode, sharing, tiered, compressed oops, g1 gc, linux-amd64)
# Problematic frame:
# V  [libjvm.so+0x82028c]
#
# Core dump will be written. Default location: Core dumps may be processed with "/usr/share/apport/apport %p %s %c %d %P %E" (or dumping to /home/saitoria/Desktop/Desktop/Programming/Android programming/React Native projects/HygieneApp/android/core.24458)
#
# If you would like to submit a bug report, please visit:
#   https://bugs.launchpad.net/ubuntu/+source/openjdk-lts
#

---------------  S U M M A R Y ------------

Command Line: --add-opens=java.base/java.util=ALL-UNNAMED --add-opens=java.base/java.lang=ALL-UNNAMED --add-opens=java.base/java.lang.invoke=ALL-UNNAMED --add-opens=java.prefs/java.util.prefs=ALL-UNNAMED -XX:MaxMetaspaceSize=256m -XX:+HeapDumpOnOutOfMemoryError -Xms256m -Xmx512m -Dfile.encoding=UTF-8 -Duser.country=US -Duser.language=en -Duser.variant org.gradle.launcher.daemon.bootstrap.GradleDaemon 6.2

Host: Intel(R) Core(TM) i7-7700HQ CPU @ 2.80GHz, 8 cores, 15G, Ubuntu 20.04.2 LTS
Time: Tue Sep 14 22:16:09 2021 EAT elapsed time: 1.354672 seconds (0d 0h 0m 1s)

---------------  T H R E A D  ---------------

Current thread (0x00007f47bc177000):  JavaThread "C2 CompilerThread0" daemon [_thread_in_native, id=24473, stack(0x00007f478f488000,0x00007f478f589000)]


Current CompileTask:
C2:   1354 1879   !   4       java.lang.ClassLoader::loadClass (122 bytes)

Stack: [0x00007f478f488000,0x00007f478f589000],  sp=0x00007f478f5844c0,  free space=1009k
Native frames: (J=compiled Java code, A=aot compiled Java code, j=interpreted, Vv=VM code, C=native code)
V  [libjvm.so+0x82028c]
V  [libjvm.so+0x820719]
V  [libjvm.so+0x55a4ef]
V  [libjvm.so+0x60ca75]
V  [libjvm.so+0x610770]
V  [libjvm.so+0x53793f]
V  [libjvm.so+0x6190e1]
V  [libjvm.so+0x61a2b8]
V  [libjvm.so+0xe2105f]
V  [libjvm.so+0xe1d690]
V  [libjvm.so+0xbdac76]


siginfo: si_signo: 11 (SIGSEGV), si_code: 1 (SEGV_MAPERR), si_addr: 0x0000000000000000

Register to memory mapping:

RAX=0x0 is NULL
RBX=0x0000000000000638 is an unknown value
RCX=0x0 is NULL
RDX=0x00007f476c7d4490 points into unknown readable memory: 0x0000000000000000 | 00 00 00 00 00 00 00 00
RSP=0x00007f478f5844c0 is pointing into the stack for thread: 0x00007f47bc177000
RBP=0x00007f478f584540 is pointing into the stack for thread: 0x00007f47bc177000
RSI=0x0000000001000000 is an unknown value
RDI=0x0000000001000000 is an unknown value
R8 =0x0000000000000008 is an unknown value
R9 =0x0 is NULL
R10=0x0000000000000001 is an unknown value
R11=0x0 is NULL
R12=0x000000000003e300 is an unknown value
R13=0x00007f478f5844d0 is pointing into the stack for thread: 0x00007f47bc177000
R14=0x00007f476c839bd0 points into unknown readable memory: 0x0000000000000000 | 00 00 00 00 00 00 00 00
R15=0x00007f478f584a00 is pointing into the stack for thread: 0x00007f47bc177000


Registers:
RAX=0x0000000000000000, RBX=0x0000000000000638, RCX=0x0000000000000000, RDX=0x00007f476c7d4490
RSP=0x00007f478f5844c0, RBP=0x00007f478f584540, RSI=0x0000000001000000, RDI=0x0000000001000000
R8 =0x0000000000000008, R9 =0x0000000000000000, R10=0x0000000000000001, R11=0x0000000000000000
R12=0x000000000003e300, R13=0x00007f478f5844d0, R14=0x00007f476c839bd0, R15=0x00007f478f584a00
RIP=0x00007f47c189b28c, EFLAGS=0x0000000000010246, CSGSFS=0x002b000000000033, ERR=0x0000000000000004
  TRAPNO=0x000000000000000e

Top of Stack: (sp=0x00007f478f5844c0)
0x00007f478f5844c0:   000006128f584510 00007f476c7d4210
0x00007f478f5844d0:   0000001900000008 00007f4700000001
0x00007f478f5844e0:   00007f476c605b80 00007f4700000001
0x00007f478f5844f0:   00007f476c663140 000000000000000b 

Instructions: (pc=0x00007f47c189b28c)
0x00007f47c189b18c:   8b 4e 78 44 23 4e 78 44 09 ca 45 8b 4e 7c 44 23
0x00007f47c189b19c:   4e 7c 44 09 ca 45 8b 8e 80 00 00 00 44 23 8e 80
0x00007f47c189b1ac:   00 00 00 44 09 ca 45 8b 8e 84 00 00 00 44 23 8e
0x00007f47c189b1bc:   84 00 00 00 44 09 ca 45 8b 8e 88 00 00 00 44 23
0x00007f47c189b1cc:   8e 88 00 00 00 44 09 ca 45 8b 8e 8c 00 00 00 44
0x00007f47c189b1dc:   23 8e 8c 00 00 00 44 09 ca 74 19 48 8b 57 10 39
0x00007f47c189b1ec:   cb 73 71 85 db 0f 85 b1 00 00 00 66 0f 1f 84 00
0x00007f47c189b1fc:   00 00 00 00 8b 55 90 85 d2 74 31 89 d1 8b 45 94
0x00007f47c189b20c:   83 e1 1f 89 ce 0f 85 89 fe ff ff 66 0f 1f 84 00
0x00007f47c189b21c:   00 00 00 00 c1 ea 05 83 c0 05 89 d6 83 e6 1f 74
0x00007f47c189b22c:   f3 89 f6 e9 6c fe ff ff 0f 1f 40 00 4c 89 ef e8
0x00007f47c189b23c:   f0 ab 00 00 89 c1 85 c9 0f 85 80 fe ff ff 48 83
0x00007f47c189b24c:   c4 58 5b 41 5c 41 5d 41 5e 41 5f 5d c3 0f 1f 80
0x00007f47c189b25c:   00 00 00 00 4c 01 e2 48 8b 72 08 89 c8 c1 e8 08
0x00007f47c189b26c:   48 8b 04 c6 48 3b 05 19 6c 9f 00 74 37 be 01 00
0x00007f47c189b27c:   00 00 d3 e6 c1 e9 05 83 e1 07 89 f7 48 8d 0c 88
0x00007f47c189b28c:   8b 01 09 c7 89 39 85 c6 0f 85 66 ff ff ff 83 02
0x00007f47c189b29c:   01 e9 5e ff ff ff 66 0f 1f 44 00 00 48 01 c2 89
0x00007f47c189b2ac:   d9 eb b4 90 89 ce 48 89 d7 89 4d 84 48 89 55 88
0x00007f47c189b2bc:   e8 5f a4 00 00 8b 4d 84 48 8b 55 88 eb af 66 0f
0x00007f47c189b2cc:   1f 44 00 00 f3 0f 1e fa 55 48 8d 35 18 9d 72 00
0x00007f47c189b2dc:   48 89 e5 41 57 41 56 48 8d 85 70 ff ff ff 41 55
0x00007f47c189b2ec:   49 89 fd 48 89 c7 41 54 53 48 81 ec a8 00 00 00
0x00007f47c189b2fc:   48 89 85 38 ff ff ff 48 8d 05 f6 fe a5 00 48 8d
0x00007f47c189b30c:   90 10 02 00 00 e8 9a 71 de ff 49 8b 55 48 c7 85
0x00007f47c189b31c:   4c ff ff ff 00 00 00 00 8b 42 40 85 c0 0f 84 2b
0x00007f47c189b32c:   04 00 00 90 8b 85 4c ff ff ff 48 8b 52 30 45 31
0x00007f47c189b33c:   ff 4c 8b 0c c2 49 8b 55 68 41 8b 41 4c 45 8b 71
0x00007f47c189b34c:   28 83 e8 01 41 8d 5e ff 4c 8d 24 80 49 c1 e4 05
0x00007f47c189b35c:   4c 03 62 10 41 3b 59 18 73 0a 49 8b 51 20 89 d8
0x00007f47c189b36c:   4c 8b 3c c2 49 8b 07 4c 89 8d 68 ff ff ff 4c 89
0x00007f47c189b37c:   ff ff 50 20 4c 8b 8d 68 ff ff ff 49 39 c7 74 08 


Stack slot to memory mapping:
stack at sp + 0 slots: 0x000006128f584510 is an unknown value
stack at sp + 1 slots: 0x00007f476c7d4210 points into unknown readable memory: 0x000000000000001b | 1b 00 00 00 00 00 00 00
stack at sp + 2 slots: 0x0000001900000008 is an unknown value
stack at sp + 3 slots: 0x00007f4700000001 is an unknown value
stack at sp + 4 slots: 0x00007f476c605b80 points into unknown readable memory: 0x000000011100083e | 3e 08 00 11 01 00 00 00
stack at sp + 5 slots: 0x00007f4700000001 is an unknown value
stack at sp + 6 slots: 0x00007f476c663140 points into unknown readable memory: 0x00007f476c605b80 | 80 5b 60 6c 47 7f 00 00
stack at sp + 7 slots: 0x000000000000000b is an unknown value


---------------  P R O C E S S  ---------------

Threads class SMR info:
_java_thread_list=0x00007f472c9ebf50, length=26, elements={
0x00007f47bc016800, 0x00007f47bc16a800, 0x00007f47bc16c800, 0x00007f47bc173000,
0x00007f47bc175000, 0x00007f47bc177000, 0x00007f47bc179000, 0x00007f47bc17b000,
0x00007f47bc1c9800, 0x00007f47bd24b800, 0x00007f47bd2ac800, 0x00007f47bd2d8800,
0x00007f4748016800, 0x00007f4740004000, 0x00007f4740006800, 0x00007f4740009000,
0x00007f472c006800, 0x00007f472c009000, 0x00007f472c018800, 0x00007f472c567800,
0x00007f472c570000, 0x00007f472c4ec800, 0x00007f472c82b800, 0x00007f472c837800,
0x00007f472c99c800, 0x00007f472c9ea800
}

Java Threads: ( => current thread )
  0x00007f47bc016800 JavaThread "main" [_thread_blocked, id=24459, stack(0x00007f47c0c2e000,0x00007f47c0d2f000)]
  0x00007f47bc16a800 JavaThread "Reference Handler" daemon [_thread_blocked, id=24469, stack(0x00007f478fdfd000,0x00007f478fefe000)]
  0x00007f47bc16c800 JavaThread "Finalizer" daemon [_thread_blocked, id=24470, stack(0x00007f478fcfc000,0x00007f478fdfd000)]
  0x00007f47bc173000 JavaThread "Signal Dispatcher" daemon [_thread_blocked, id=24471, stack(0x00007f478f68a000,0x00007f478f78b000)]
  0x00007f47bc175000 JavaThread "Service Thread" daemon [_thread_blocked, id=24472, stack(0x00007f478f589000,0x00007f478f68a000)]
=>0x00007f47bc177000 JavaThread "C2 CompilerThread0" daemon [_thread_in_native, id=24473, stack(0x00007f478f488000,0x00007f478f589000)]
  0x00007f47bc179000 JavaThread "C1 CompilerThread0" daemon [_thread_blocked, id=24474, stack(0x00007f478f387000,0x00007f478f488000)]
  0x00007f47bc17b000 JavaThread "Sweeper thread" daemon [_thread_blocked, id=24475, stack(0x00007f478f286000,0x00007f478f387000)]
  0x00007f47bc1c9800 JavaThread "Common-Cleaner" daemon [_thread_blocked, id=24476, stack(0x00007f478f185000,0x00007f478f286000)]
  0x00007f47bd24b800 JavaThread "Daemon health stats" [_thread_blocked, id=24483, stack(0x00007f478e872000,0x00007f478e973000)]
  0x00007f47bd2ac800 JavaThread "Incoming local TCP Connector on port 40707" [_thread_in_native, id=24484, stack(0x00007f478e771000,0x00007f478e872000)]
  0x00007f47bd2d8800 JavaThread "Daemon periodic checks" [_thread_blocked, id=24485, stack(0x00007f478e670000,0x00007f478e771000)]
  0x00007f4748016800 JavaThread "Daemon" [_thread_blocked, id=24486, stack(0x00007f478e56f000,0x00007f478e670000)]
  0x00007f4740004000 JavaThread "Handler for socket connection from /127.0.0.1:40707 to /127.0.0.1:56676" [_thread_in_native, id=24487, stack(0x00007f478e46e000,0x00007f478e56f000)]
  0x00007f4740006800 JavaThread "Cancel handler" [_thread_blocked, id=24488, stack(0x00007f478e36d000,0x00007f478e46e000)]
  0x00007f4740009000 JavaThread "Daemon worker" [_thread_in_vm, id=24489, stack(0x00007f478e26c000,0x00007f478e36d000)]
  0x00007f472c006800 JavaThread "Asynchronous log dispatcher for DefaultDaemonConnection: socket connection from /127.0.0.1:40707 to /127.0.0.1:56676" [_thread_blocked, id=24492, stack(0x00007f478e16b000,0x00007f478e26c000)]
  0x00007f472c009000 JavaThread "Stdin handler" [_thread_blocked, id=24493, stack(0x00007f478e06a000,0x00007f478e16b000)]
  0x00007f472c018800 JavaThread "Thread-8" [_thread_blocked, id=24494, stack(0x00007f478df69000,0x00007f478e06a000)]
  0x00007f472c567800 JavaThread "Cache worker for journal cache (/home/saitoria/.gradle/caches/journal-1)" [_thread_blocked, id=24495, stack(0x00007f478dc68000,0x00007f478dd69000)]
  0x00007f472c570000 JavaThread "File lock request listener" [_thread_in_native, id=24496, stack(0x00007f478d967000,0x00007f478da68000)]
  0x00007f472c4ec800 JavaThread "Cache worker for file hash cache (/home/saitoria/.gradle/caches/6.2/fileHashes)" [_thread_blocked, id=24497, stack(0x00007f478d866000,0x00007f478d967000)]
  0x00007f472c82b800 JavaThread "Cache worker for checksums cache (/home/saitoria/Desktop/Desktop/Programming/Android programming/React Native projects/HygieneApp/android/.gradle/checksums)" [_thread_blocked, id=24503, stack(0x00007f478d565000,0x00007f478d666000)]
  0x00007f472c837800 JavaThread "Cache worker for file hash cache (/home/saitoria/Desktop/Desktop/Programming/Android programming/React Native projects/HygieneApp/android/.gradle/6.2/fileHashes)" [_thread_blocked, id=24504, stack(0x00007f478d464000,0x00007f478d565000)]
  0x00007f472c99c800 JavaThread "Cache worker for cache directory md-supplier (/home/saitoria/.gradle/caches/6.2/md-supplier)" [_thread_blocked, id=24506, stack(0x00007f478d163000,0x00007f478d264000)]
  0x00007f472c9ea800 JavaThread "Cache worker for cache directory md-rule (/home/saitoria/.gradle/caches/6.2/md-rule)" [_thread_blocked, id=24508, stack(0x00007f478ce62000,0x00007f478cf63000)]

Other Threads:
  0x00007f47bc167800 VMThread "VM Thread" [stack: 0x00007f478ff00000,0x00007f4790000000] [id=24468]
  0x00007f47bc1cd000 WatcherThread [stack: 0x00007f478f085000,0x00007f478f185000] [id=24477]
  0x00007f47bc02e800 GCTaskThread "GC Thread#0" [stack: 0x00007f47c08de000,0x00007f47c09de000] [id=24461]
  0x00007f4784001000 GCTaskThread "GC Thread#1" [stack: 0x00007f478ed7d000,0x00007f478ee7d000] [id=24478]
  0x00007f4784002800 GCTaskThread "GC Thread#2" [stack: 0x00007f478ec7b000,0x00007f478ed7b000] [id=24479]
  0x00007f4784004800 GCTaskThread "GC Thread#3" [stack: 0x00007f478eb79000,0x00007f478ec79000] [id=24480]
  0x00007f4784006000 GCTaskThread "GC Thread#4" [stack: 0x00007f478ea77000,0x00007f478eb77000] [id=24481]
  0x00007f4784008000 GCTaskThread "GC Thread#5" [stack: 0x00007f478e975000,0x00007f478ea75000] [id=24482]
  0x00007f47bc03f800 ConcurrentGCThread "G1 Main Marker" [stack: 0x00007f47a4478000,0x00007f47a4578000] [id=24462]
  0x00007f47bc041800 ConcurrentGCThread "G1 Conc#0" [stack: 0x00007f47a4376000,0x00007f47a4476000] [id=24463]
  0x00007f47bc12b800 ConcurrentGCThread "G1 Refine#0" [stack: 0x00007f479c9fb000,0x00007f479cafb000] [id=24465]
  0x00007f47bc12d000 ConcurrentGCThread "G1 Young RemSet Sampling" [stack: 0x00007f479c8f9000,0x00007f479c9f9000] [id=24466]

Threads with active compile tasks:
C2 CompilerThread0   1359 1879   !   4       java.lang.ClassLoader::loadClass (122 bytes)

VM state:not at safepoint (normal execution)

VM Mutex/Monitor currently owned by a thread: None

Heap address: 0x00000000e0000000, size: 512 MB, Compressed Oops mode: 32-bit
Narrow klass base: 0x0000000800000000, Narrow klass shift: 3
Compressed class space size: 260046848 Address: 0x0000000840000000

Heap:
 garbage-first heap   total 264192K, used 136908K [0x00000000e0000000, 0x0000000100000000)
  region size 1024K, 130 young (133120K), 3 survivors (3072K)
 Metaspace       used 18913K, capacity 19426K, committed 19840K, reserved 272384K
  class space    used 2728K, capacity 2899K, committed 2944K, reserved 253952K
Heap Regions: E=young(eden), S=young(survivor), O=old, HS=humongous(starts), HC=humongous(continues), CS=collection set, F=free, A=archive, TAMS=top-at-mark-start (previous, next)
|   0|0x00000000e0000000, 0x00000000e0000000, 0x00000000e0100000|  0%| F|  |TAMS 0x00000000e0000000, 0x00000000e0000000| Untracked 
|   1|0x00000000e0100000, 0x00000000e0100000, 0x00000000e0200000|  0%| F|  |TAMS 0x00000000e0100000, 0x00000000e0100000| Untracked 
|   2|0x00000000e0200000, 0x00000000e0200000, 0x00000000e0300000|  0%| F|  |TAMS 0x00000000e0200000, 0x00000000e0200000| Untracked 
|   3|0x00000000e0300000, 0x00000000e0400000, 0x00000000e0400000|100%|HS|  |TAMS 0x00000000e0300000, 0x00000000e0300000| Complete 
|   4|0x00000000e0400000, 0x00000000e0500000, 0x00000000e0500000|100%|HC|  |TAMS 0x00000000e0400000, 0x00000000e0400000| Complete 
|   5|0x00000000e0500000, 0x00000000e0600000, 0x00000000e0600000|100%|HC|  |TAMS 0x00000000e0500000, 0x00000000e0500000| Complete 
|   6|0x00000000e0600000, 0x00000000e0700000, 0x00000000e0700000|100%| O|  |TAMS 0x00000000e0600000, 0x00000000e0600000| Untracked 
|   7|0x00000000e0700000, 0x00000000e0800000, 0x00000000e0800000|100%| O|  |TAMS 0x00000000e0700000, 0x00000000e0700000| Untracked 
|   8|0x00000000e0800000, 0x00000000e0801200, 0x00000000e0900000|  0%| O|  |TAMS 0x00000000e0800000, 0x00000000e0800000| Untracked 
|   9|0x00000000e0900000, 0x00000000e0900000, 0x00000000e0a00000|  0%| F|  |TAMS 0x00000000e0900000, 0x00000000e0900000| Untracked 
|  10|0x00000000e0a00000, 0x00000000e0a00000, 0x00000000e0b00000|  0%| F|  |TAMS 0x00000000e0a00000, 0x00000000e0a00000| Untracked 
|  11|0x00000000e0b00000, 0x00000000e0b00000, 0x00000000e0c00000|  0%| F|  |TAMS 0x00000000e0b00000, 0x00000000e0b00000| Untracked 
|  12|0x00000000e0c00000, 0x00000000e0c00000, 0x00000000e0d00000|  0%| F|  |TAMS 0x00000000e0c00000, 0x00000000e0c00000| Untracked 
|  13|0x00000000e0d00000, 0x00000000e0d00000, 0x00000000e0e00000|  0%| F|  |TAMS 0x00000000e0d00000, 0x00000000e0d00000| Untracked 
|  14|0x00000000e0e00000, 0x00000000e0e00000, 0x00000000e0f00000|  0%| F|  |TAMS 0x00000000e0e00000, 0x00000000e0e00000| Untracked 
|  15|0x00000000e0f00000, 0x00000000e0f00000, 0x00000000e1000000|  0%| F|  |TAMS 0x00000000e0f00000, 0x00000000e0f00000| Untracked 
|  16|0x00000000e1000000, 0x00000000e1000000, 0x00000000e1100000|  0%| F|  |TAMS 0x00000000e1000000, 0x00000000e1000000| Untracked 
|  17|0x00000000e1100000, 0x00000000e1100000, 0x00000000e1200000|  0%| F|  |TAMS 0x00000000e1100000, 0x00000000e1100000| Untracked 
|  18|0x00000000e1200000, 0x00000000e1200000, 0x00000000e1300000|  0%| F|  |TAMS 0x00000000e1200000, 0x00000000e1200000| Untracked 
|  19|0x00000000e1300000, 0x00000000e1300000, 0x00000000e1400000|  0%| F|  |TAMS 0x00000000e1300000, 0x00000000e1300000| Untracked 
|  20|0x00000000e1400000, 0x00000000e1400000, 0x00000000e1500000|  0%| F|  |TAMS 0x00000000e1400000, 0x00000000e1400000| Untracked 
|  21|0x00000000e1500000, 0x00000000e1500000, 0x00000000e1600000|  0%| F|  |TAMS 0x00000000e1500000, 0x00000000e1500000| Untracked 
|  22|0x00000000e1600000, 0x00000000e1600000, 0x00000000e1700000|  0%| F|  |TAMS 0x00000000e1600000, 0x00000000e1600000| Untracked 
|  23|0x00000000e1700000, 0x00000000e1700000, 0x00000000e1800000|  0%| F|  |TAMS 0x00000000e1700000, 0x00000000e1700000| Untracked 
|  24|0x00000000e1800000, 0x00000000e1800000, 0x00000000e1900000|  0%| F|  |TAMS 0x00000000e1800000, 0x00000000e1800000| Untracked 
|  25|0x00000000e1900000, 0x00000000e1900000, 0x00000000e1a00000|  0%| F|  |TAMS 0x00000000e1900000, 0x00000000e1900000| Untracked 
|  26|0x00000000e1a00000, 0x00000000e1a00000, 0x00000000e1b00000|  0%| F|  |TAMS 0x00000000e1a00000, 0x00000000e1a00000| Untracked 
|  27|0x00000000e1b00000, 0x00000000e1b00000, 0x00000000e1c00000|  0%| F|  |TAMS 0x00000000e1b00000, 0x00000000e1b00000| Untracked 
|  28|0x00000000e1c00000, 0x00000000e1c00000, 0x00000000e1d00000|  0%| F|  |TAMS 0x00000000e1c00000, 0x00000000e1c00000| Untracked 
|  29|0x00000000e1d00000, 0x00000000e1d00000, 0x00000000e1e00000|  0%| F|  |TAMS 0x00000000e1d00000, 0x00000000e1d00000| Untracked 
|  30|0x00000000e1e00000, 0x00000000e1e00000, 0x00000000e1f00000|  0%| F|  |TAMS 0x00000000e1e00000, 0x00000000e1e00000| Untracked 
|  31|0x00000000e1f00000, 0x00000000e1f00000, 0x00000000e2000000|  0%| F|  |TAMS 0x00000000e1f00000, 0x00000000e1f00000| Untracked 
|  32|0x00000000e2000000, 0x00000000e2000000, 0x00000000e2100000|  0%| F|  |TAMS 0x00000000e2000000, 0x00000000e2000000| Untracked 
|  33|0x00000000e2100000, 0x00000000e2100000, 0x00000000e2200000|  0%| F|  |TAMS 0x00000000e2100000, 0x00000000e2100000| Untracked 
|  34|0x00000000e2200000, 0x00000000e2200000, 0x00000000e2300000|  0%| F|  |TAMS 0x00000000e2200000, 0x00000000e2200000| Untracked 
|  35|0x00000000e2300000, 0x00000000e2300000, 0x00000000e2400000|  0%| F|  |TAMS 0x00000000e2300000, 0x00000000e2300000| Untracked 
|  36|0x00000000e2400000, 0x00000000e2400000, 0x00000000e2500000|  0%| F|  |TAMS 0x00000000e2400000, 0x00000000e2400000| Untracked 
|  37|0x00000000e2500000, 0x00000000e2500000, 0x00000000e2600000|  0%| F|  |TAMS 0x00000000e2500000, 0x00000000e2500000| Untracked 
|  38|0x00000000e2600000, 0x00000000e2600000, 0x00000000e2700000|  0%| F|  |TAMS 0x00000000e2600000, 0x00000000e2600000| Untracked 
|  39|0x00000000e2700000, 0x00000000e2700000, 0x00000000e2800000|  0%| F|  |TAMS 0x00000000e2700000, 0x00000000e2700000| Untracked 
|  40|0x00000000e2800000, 0x00000000e2800000, 0x00000000e2900000|  0%| F|  |TAMS 0x00000000e2800000, 0x00000000e2800000| Untracked 
|  41|0x00000000e2900000, 0x00000000e2900000, 0x00000000e2a00000|  0%| F|  |TAMS 0x00000000e2900000, 0x00000000e2900000| Untracked 
|  42|0x00000000e2a00000, 0x00000000e2a00000, 0x00000000e2b00000|  0%| F|  |TAMS 0x00000000e2a00000, 0x00000000e2a00000| Untracked 
|  43|0x00000000e2b00000, 0x00000000e2b00000, 0x00000000e2c00000|  0%| F|  |TAMS 0x00000000e2b00000, 0x00000000e2b00000| Untracked 
|  44|0x00000000e2c00000, 0x00000000e2c00000, 0x00000000e2d00000|  0%| F|  |TAMS 0x00000000e2c00000, 0x00000000e2c00000| Untracked 
|  45|0x00000000e2d00000, 0x00000000e2d00000, 0x00000000e2e00000|  0%| F|  |TAMS 0x00000000e2d00000, 0x00000000e2d00000| Untracked 
|  46|0x00000000e2e00000, 0x00000000e2e00000, 0x00000000e2f00000|  0%| F|  |TAMS 0x00000000e2e00000, 0x00000000e2e00000| Untracked 
|  47|0x00000000e2f00000, 0x00000000e2f00000, 0x00000000e3000000|  0%| F|  |TAMS 0x00000000e2f00000, 0x00000000e2f00000| Untracked 
|  48|0x00000000e3000000, 0x00000000e3000000, 0x00000000e3100000|  0%| F|  |TAMS 0x00000000e3000000, 0x00000000e3000000| Untracked 
|  49|0x00000000e3100000, 0x00000000e3100000, 0x00000000e3200000|  0%| F|  |TAMS 0x00000000e3100000, 0x00000000e3100000| Untracked 
|  50|0x00000000e3200000, 0x00000000e3200000, 0x00000000e3300000|  0%| F|  |TAMS 0x00000000e3200000, 0x00000000e3200000| Untracked 
|  51|0x00000000e3300000, 0x00000000e3300000, 0x00000000e3400000|  0%| F|  |TAMS 0x00000000e3300000, 0x00000000e3300000| Untracked 
|  52|0x00000000e3400000, 0x00000000e3400000, 0x00000000e3500000|  0%| F|  |TAMS 0x00000000e3400000, 0x00000000e3400000| Untracked 
|  53|0x00000000e3500000, 0x00000000e3500000, 0x00000000e3600000|  0%| F|  |TAMS 0x00000000e3500000, 0x00000000e3500000| Untracked 
|  54|0x00000000e3600000, 0x00000000e3600000, 0x00000000e3700000|  0%| F|  |TAMS 0x00000000e3600000, 0x00000000e3600000| Untracked 
|  55|0x00000000e3700000, 0x00000000e3700000, 0x00000000e3800000|  0%| F|  |TAMS 0x00000000e3700000, 0x00000000e3700000| Untracked 
|  56|0x00000000e3800000, 0x00000000e3800000, 0x00000000e3900000|  0%| F|  |TAMS 0x00000000e3800000, 0x00000000e3800000| Untracked 
|  57|0x00000000e3900000, 0x00000000e3900000, 0x00000000e3a00000|  0%| F|  |TAMS 0x00000000e3900000, 0x00000000e3900000| Untracked 
|  58|0x00000000e3a00000, 0x00000000e3a00000, 0x00000000e3b00000|  0%| F|  |TAMS 0x00000000e3a00000, 0x00000000e3a00000| Untracked 
|  59|0x00000000e3b00000, 0x00000000e3b00000, 0x00000000e3c00000|  0%| F|  |TAMS 0x00000000e3b00000, 0x00000000e3b00000| Untracked 
|  60|0x00000000e3c00000, 0x00000000e3c00000, 0x00000000e3d00000|  0%| F|  |TAMS 0x00000000e3c00000, 0x00000000e3c00000| Untracked 
|  61|0x00000000e3d00000, 0x00000000e3d00000, 0x00000000e3e00000|  0%| F|  |TAMS 0x00000000e3d00000, 0x00000000e3d00000| Untracked 
|  62|0x00000000e3e00000, 0x00000000e3e00000, 0x00000000e3f00000|  0%| F|  |TAMS 0x00000000e3e00000, 0x00000000e3e00000| Untracked 
|  63|0x00000000e3f00000, 0x00000000e3f00000, 0x00000000e4000000|  0%| F|  |TAMS 0x00000000e3f00000, 0x00000000e3f00000| Untracked 
|  64|0x00000000e4000000, 0x00000000e4000000, 0x00000000e4100000|  0%| F|  |TAMS 0x00000000e4000000, 0x00000000e4000000| Untracked 
|  65|0x00000000e4100000, 0x00000000e4100000, 0x00000000e4200000|  0%| F|  |TAMS 0x00000000e4100000, 0x00000000e4100000| Untracked 
|  66|0x00000000e4200000, 0x00000000e4200000, 0x00000000e4300000|  0%| F|  |TAMS 0x00000000e4200000, 0x00000000e4200000| Untracked 
|  67|0x00000000e4300000, 0x00000000e4300000, 0x00000000e4400000|  0%| F|  |TAMS 0x00000000e4300000, 0x00000000e4300000| Untracked 
|  68|0x00000000e4400000, 0x00000000e4400000, 0x00000000e4500000|  0%| F|  |TAMS 0x00000000e4400000, 0x00000000e4400000| Untracked 
|  69|0x00000000e4500000, 0x00000000e4500000, 0x00000000e4600000|  0%| F|  |TAMS 0x00000000e4500000, 0x00000000e4500000| Untracked 
|  70|0x00000000e4600000, 0x00000000e4600000, 0x00000000e4700000|  0%| F|  |TAMS 0x00000000e4600000, 0x00000000e4600000| Untracked 
|  71|0x00000000e4700000, 0x00000000e4700000, 0x00000000e4800000|  0%| F|  |TAMS 0x00000000e4700000, 0x00000000e4700000| Untracked 
|  72|0x00000000e4800000, 0x00000000e4800000, 0x00000000e4900000|  0%| F|  |TAMS 0x00000000e4800000, 0x00000000e4800000| Untracked 
|  73|0x00000000e4900000, 0x00000000e4900000, 0x00000000e4a00000|  0%| F|  |TAMS 0x00000000e4900000, 0x00000000e4900000| Untracked 
|  74|0x00000000e4a00000, 0x00000000e4a00000, 0x00000000e4b00000|  0%| F|  |TAMS 0x00000000e4a00000, 0x00000000e4a00000| Untracked 
|  75|0x00000000e4b00000, 0x00000000e4b00000, 0x00000000e4c00000|  0%| F|  |TAMS 0x00000000e4b00000, 0x00000000e4b00000| Untracked 
|  76|0x00000000e4c00000, 0x00000000e4c00000, 0x00000000e4d00000|  0%| F|  |TAMS 0x00000000e4c00000, 0x00000000e4c00000| Untracked 
|  77|0x00000000e4d00000, 0x00000000e4d00000, 0x00000000e4e00000|  0%| F|  |TAMS 0x00000000e4d00000, 0x00000000e4d00000| Untracked 
|  78|0x00000000e4e00000, 0x00000000e4e00000, 0x00000000e4f00000|  0%| F|  |TAMS 0x00000000e4e00000, 0x00000000e4e00000| Untracked 
|  79|0x00000000e4f00000, 0x00000000e4f00000, 0x00000000e5000000|  0%| F|  |TAMS 0x00000000e4f00000, 0x00000000e4f00000| Untracked 
|  80|0x00000000e5000000, 0x00000000e5000000, 0x00000000e5100000|  0%| F|  |TAMS 0x00000000e5000000, 0x00000000e5000000| Untracked 
|  81|0x00000000e5100000, 0x00000000e5100000, 0x00000000e5200000|  0%| F|  |TAMS 0x00000000e5100000, 0x00000000e5100000| Untracked 
|  82|0x00000000e5200000, 0x00000000e5200000, 0x00000000e5300000|  0%| F|  |TAMS 0x00000000e5200000, 0x00000000e5200000| Untracked 
|  83|0x00000000e5300000, 0x00000000e5300000, 0x00000000e5400000|  0%| F|  |TAMS 0x00000000e5300000, 0x00000000e5300000| Untracked 
|  84|0x00000000e5400000, 0x00000000e5400000, 0x00000000e5500000|  0%| F|  |TAMS 0x00000000e5400000, 0x00000000e5400000| Untracked 
|  85|0x00000000e5500000, 0x00000000e5500000, 0x00000000e5600000|  0%| F|  |TAMS 0x00000000e5500000, 0x00000000e5500000| Untracked 
|  86|0x00000000e5600000, 0x00000000e5600000, 0x00000000e5700000|  0%| F|  |TAMS 0x00000000e5600000, 0x00000000e5600000| Untracked 
|  87|0x00000000e5700000, 0x00000000e5700000, 0x00000000e5800000|  0%| F|  |TAMS 0x00000000e5700000, 0x00000000e5700000| Untracked 
|  88|0x00000000e5800000, 0x00000000e5800000, 0x00000000e5900000|  0%| F|  |TAMS 0x00000000e5800000, 0x00000000e5800000| Untracked 
|  89|0x00000000e5900000, 0x00000000e5900000, 0x00000000e5a00000|  0%| F|  |TAMS 0x00000000e5900000, 0x00000000e5900000| Untracked 
|  90|0x00000000e5a00000, 0x00000000e5a00000, 0x00000000e5b00000|  0%| F|  |TAMS 0x00000000e5a00000, 0x00000000e5a00000| Untracked 
|  91|0x00000000e5b00000, 0x00000000e5b00000, 0x00000000e5c00000|  0%| F|  |TAMS 0x00000000e5b00000, 0x00000000e5b00000| Untracked 
|  92|0x00000000e5c00000, 0x00000000e5c00000, 0x00000000e5d00000|  0%| F|  |TAMS 0x00000000e5c00000, 0x00000000e5c00000| Untracked 
|  93|0x00000000e5d00000, 0x00000000e5d00000, 0x00000000e5e00000|  0%| F|  |TAMS 0x00000000e5d00000, 0x00000000e5d00000| Untracked 
|  94|0x00000000e5e00000, 0x00000000e5e00000, 0x00000000e5f00000|  0%| F|  |TAMS 0x00000000e5e00000, 0x00000000e5e00000| Untracked 
|  95|0x00000000e5f00000, 0x00000000e5f00000, 0x00000000e6000000|  0%| F|  |TAMS 0x00000000e5f00000, 0x00000000e5f00000| Untracked 
|  96|0x00000000e6000000, 0x00000000e6000000, 0x00000000e6100000|  0%| F|  |TAMS 0x00000000e6000000, 0x00000000e6000000| Untracked 
|  97|0x00000000e6100000, 0x00000000e6100000, 0x00000000e6200000|  0%| F|  |TAMS 0x00000000e6100000, 0x00000000e6100000| Untracked 
|  98|0x00000000e6200000, 0x00000000e6200000, 0x00000000e6300000|  0%| F|  |TAMS 0x00000000e6200000, 0x00000000e6200000| Untracked 
|  99|0x00000000e6300000, 0x00000000e6300000, 0x00000000e6400000|  0%| F|  |TAMS 0x00000000e6300000, 0x00000000e6300000| Untracked 
| 100|0x00000000e6400000, 0x00000000e6400000, 0x00000000e6500000|  0%| F|  |TAMS 0x00000000e6400000, 0x00000000e6400000| Untracked 
| 101|0x00000000e6500000, 0x00000000e6500000, 0x00000000e6600000|  0%| F|  |TAMS 0x00000000e6500000, 0x00000000e6500000| Untracked 
| 102|0x00000000e6600000, 0x00000000e6600000, 0x00000000e6700000|  0%| F|  |TAMS 0x00000000e6600000, 0x00000000e6600000| Untracked 
| 103|0x00000000e6700000, 0x00000000e6700000, 0x00000000e6800000|  0%| F|  |TAMS 0x00000000e6700000, 0x00000000e6700000| Untracked 
| 104|0x00000000e6800000, 0x00000000e6800000, 0x00000000e6900000|  0%| F|  |TAMS 0x00000000e6800000, 0x00000000e6800000| Untracked 
| 105|0x00000000e6900000, 0x00000000e6900000, 0x00000000e6a00000|  0%| F|  |TAMS 0x00000000e6900000, 0x00000000e6900000| Untracked 
| 106|0x00000000e6a00000, 0x00000000e6a00000, 0x00000000e6b00000|  0%| F|  |TAMS 0x00000000e6a00000, 0x00000000e6a00000| Untracked 
| 107|0x00000000e6b00000, 0x00000000e6b00000, 0x00000000e6c00000|  0%| F|  |TAMS 0x00000000e6b00000, 0x00000000e6b00000| Untracked 
| 108|0x00000000e6c00000, 0x00000000e6c00000, 0x00000000e6d00000|  0%| F|  |TAMS 0x00000000e6c00000, 0x00000000e6c00000| Untracked 
| 109|0x00000000e6d00000, 0x00000000e6d00000, 0x00000000e6e00000|  0%| F|  |TAMS 0x00000000e6d00000, 0x00000000e6d00000| Untracked 
| 110|0x00000000e6e00000, 0x00000000e6e00000, 0x00000000e6f00000|  0%| F|  |TAMS 0x00000000e6e00000, 0x00000000e6e00000| Untracked 
| 111|0x00000000e6f00000, 0x00000000e6f00000, 0x00000000e7000000|  0%| F|  |TAMS 0x00000000e6f00000, 0x00000000e6f00000| Untracked 
| 112|0x00000000e7000000, 0x00000000e7000000, 0x00000000e7100000|  0%| F|  |TAMS 0x00000000e7000000, 0x00000000e7000000| Untracked 
| 113|0x00000000e7100000, 0x00000000e7100000, 0x00000000e7200000|  0%| F|  |TAMS 0x00000000e7100000, 0x00000000e7100000| Untracked 
| 114|0x00000000e7200000, 0x00000000e7200000, 0x00000000e7300000|  0%| F|  |TAMS 0x00000000e7200000, 0x00000000e7200000| Untracked 
| 115|0x00000000e7300000, 0x00000000e7300000, 0x00000000e7400000|  0%| F|  |TAMS 0x00000000e7300000, 0x00000000e7300000| Untracked 
| 116|0x00000000e7400000, 0x00000000e7400000, 0x00000000e7500000|  0%| F|  |TAMS 0x00000000e7400000, 0x00000000e7400000| Untracked 
| 117|0x00000000e7500000, 0x00000000e7500000, 0x00000000e7600000|  0%| F|  |TAMS 0x00000000e7500000, 0x00000000e7500000| Untracked 
| 118|0x00000000e7600000, 0x00000000e7600000, 0x00000000e7700000|  0%| F|  |TAMS 0x00000000e7600000, 0x00000000e7600000| Untracked 
| 119|0x00000000e7700000, 0x00000000e7700000, 0x00000000e7800000|  0%| F|  |TAMS 0x00000000e7700000, 0x00000000e7700000| Untracked 
| 120|0x00000000e7800000, 0x00000000e7800000, 0x00000000e7900000|  0%| F|  |TAMS 0x00000000e7800000, 0x00000000e7800000| Untracked 
| 121|0x00000000e7900000, 0x00000000e7900000, 0x00000000e7a00000|  0%| F|  |TAMS 0x00000000e7900000, 0x00000000e7900000| Untracked 
| 122|0x00000000e7a00000, 0x00000000e7a00000, 0x00000000e7b00000|  0%| F|  |TAMS 0x00000000e7a00000, 0x00000000e7a00000| Untracked 
| 123|0x00000000e7b00000, 0x00000000e7b00000, 0x00000000e7c00000|  0%| F|  |TAMS 0x00000000e7b00000, 0x00000000e7b00000| Untracked 
| 124|0x00000000e7c00000, 0x00000000e7c00000, 0x00000000e7d00000|  0%| F|  |TAMS 0x00000000e7c00000, 0x00000000e7c00000| Untracked 
| 125|0x00000000e7d00000, 0x00000000e7d00000, 0x00000000e7e00000|  0%| F|  |TAMS 0x00000000e7d00000, 0x00000000e7d00000| Untracked 
| 126|0x00000000e7e00000, 0x00000000e7e80c10, 0x00000000e7f00000| 50%| E|  |TAMS 0x00000000e7e00000, 0x00000000e7e00000| Complete 
| 127|0x00000000e7f00000, 0x00000000e8000000, 0x00000000e8000000|100%| E|CS|TAMS 0x00000000e7f00000, 0x00000000e7f00000| Complete 
| 128|0x00000000e8000000, 0x00000000e8100000, 0x00000000e8100000|100%| E|CS|TAMS 0x00000000e8000000, 0x00000000e8000000| Complete 
| 129|0x00000000e8100000, 0x00000000e8200000, 0x00000000e8200000|100%| E|CS|TAMS 0x00000000e8100000, 0x00000000e8100000| Complete 
| 130|0x00000000e8200000, 0x00000000e8300000, 0x00000000e8300000|100%| E|CS|TAMS 0x00000000e8200000, 0x00000000e8200000| Complete 
| 131|0x00000000e8300000, 0x00000000e8400000, 0x00000000e8400000|100%| E|CS|TAMS 0x00000000e8300000, 0x00000000e8300000| Complete 
| 132|0x00000000e8400000, 0x00000000e8500000, 0x00000000e8500000|100%| E|CS|TAMS 0x00000000e8400000, 0x00000000e8400000| Complete 
| 133|0x00000000e8500000, 0x00000000e8600000, 0x00000000e8600000|100%| E|CS|TAMS 0x00000000e8500000, 0x00000000e8500000| Complete 
| 134|0x00000000e8600000, 0x00000000e8700000, 0x00000000e8700000|100%| E|CS|TAMS 0x00000000e8600000, 0x00000000e8600000| Complete 
| 135|0x00000000e8700000, 0x00000000e8800000, 0x00000000e8800000|100%| E|CS|TAMS 0x00000000e8700000, 0x00000000e8700000| Complete 
| 136|0x00000000e8800000, 0x00000000e8900000, 0x00000000e8900000|100%| E|CS|TAMS 0x00000000e8800000, 0x00000000e8800000| Complete 
| 137|0x00000000e8900000, 0x00000000e8a00000, 0x00000000e8a00000|100%| E|CS|TAMS 0x00000000e8900000, 0x00000000e8900000| Complete 
| 138|0x00000000e8a00000, 0x00000000e8b00000, 0x00000000e8b00000|100%| E|CS|TAMS 0x00000000e8a00000, 0x00000000e8a00000| Complete 
| 139|0x00000000e8b00000, 0x00000000e8c00000, 0x00000000e8c00000|100%| E|CS|TAMS 0x00000000e8b00000, 0x00000000e8b00000| Complete 
| 140|0x00000000e8c00000, 0x00000000e8d00000, 0x00000000e8d00000|100%| E|CS|TAMS 0x00000000e8c00000, 0x00000000e8c00000| Complete 
| 141|0x00000000e8d00000, 0x00000000e8e00000, 0x00000000e8e00000|100%| E|CS|TAMS 0x00000000e8d00000, 0x00000000e8d00000| Complete 
| 142|0x00000000e8e00000, 0x00000000e8f00000, 0x00000000e8f00000|100%| E|CS|TAMS 0x00000000e8e00000, 0x00000000e8e00000| Complete 
| 143|0x00000000e8f00000, 0x00000000e9000000, 0x00000000e9000000|100%| E|CS|TAMS 0x00000000e8f00000, 0x00000000e8f00000| Complete 
| 144|0x00000000e9000000, 0x00000000e9100000, 0x00000000e9100000|100%| E|CS|TAMS 0x00000000e9000000, 0x00000000e9000000| Complete 
| 145|0x00000000e9100000, 0x00000000e9200000, 0x00000000e9200000|100%| E|CS|TAMS 0x00000000e9100000, 0x00000000e9100000| Complete 
| 146|0x00000000e9200000, 0x00000000e9300000, 0x00000000e9300000|100%| E|CS|TAMS 0x00000000e9200000, 0x00000000e9200000| Complete 
| 147|0x00000000e9300000, 0x00000000e9400000, 0x00000000e9400000|100%| E|CS|TAMS 0x00000000e9300000, 0x00000000e9300000| Complete 
| 148|0x00000000e9400000, 0x00000000e9500000, 0x00000000e9500000|100%| E|CS|TAMS 0x00000000e9400000, 0x00000000e9400000| Complete 
| 149|0x00000000e9500000, 0x00000000e9600000, 0x00000000e9600000|100%| E|CS|TAMS 0x00000000e9500000, 0x00000000e9500000| Complete 
| 150|0x00000000e9600000, 0x00000000e9700000, 0x00000000e9700000|100%| E|CS|TAMS 0x00000000e9600000, 0x00000000e9600000| Complete 
| 151|0x00000000e9700000, 0x00000000e9800000, 0x00000000e9800000|100%| E|CS|TAMS 0x00000000e9700000, 0x00000000e9700000| Complete 
| 152|0x00000000e9800000, 0x00000000e9900000, 0x00000000e9900000|100%| E|CS|TAMS 0x00000000e9800000, 0x00000000e9800000| Complete 
| 153|0x00000000e9900000, 0x00000000e9a00000, 0x00000000e9a00000|100%| E|CS|TAMS 0x00000000e9900000, 0x00000000e9900000| Complete 
| 154|0x00000000e9a00000, 0x00000000e9b00000, 0x00000000e9b00000|100%| E|CS|TAMS 0x00000000e9a00000, 0x00000000e9a00000| Complete 
| 155|0x00000000e9b00000, 0x00000000e9c00000, 0x00000000e9c00000|100%| E|CS|TAMS 0x00000000e9b00000, 0x00000000e9b00000| Complete 
| 156|0x00000000e9c00000, 0x00000000e9d00000, 0x00000000e9d00000|100%| E|CS|TAMS 0x00000000e9c00000, 0x00000000e9c00000| Complete 
| 157|0x00000000e9d00000, 0x00000000e9e00000, 0x00000000e9e00000|100%| E|CS|TAMS 0x00000000e9d00000, 0x00000000e9d00000| Complete 
| 158|0x00000000e9e00000, 0x00000000e9f00000, 0x00000000e9f00000|100%| E|CS|TAMS 0x00000000e9e00000, 0x00000000e9e00000| Complete 
| 159|0x00000000e9f00000, 0x00000000ea000000, 0x00000000ea000000|100%| E|CS|TAMS 0x00000000e9f00000, 0x00000000e9f00000| Complete 
| 160|0x00000000ea000000, 0x00000000ea100000, 0x00000000ea100000|100%| E|CS|TAMS 0x00000000ea000000, 0x00000000ea000000| Complete 
| 161|0x00000000ea100000, 0x00000000ea200000, 0x00000000ea200000|100%| E|CS|TAMS 0x00000000ea100000, 0x00000000ea100000| Complete 
| 162|0x00000000ea200000, 0x00000000ea300000, 0x00000000ea300000|100%| E|CS|TAMS 0x00000000ea200000, 0x00000000ea200000| Complete 
| 163|0x00000000ea300000, 0x00000000ea400000, 0x00000000ea400000|100%| E|CS|TAMS 0x00000000ea300000, 0x00000000ea300000| Complete 
| 164|0x00000000ea400000, 0x00000000ea500000, 0x00000000ea500000|100%| E|CS|TAMS 0x00000000ea400000, 0x00000000ea400000| Complete 
| 165|0x00000000ea500000, 0x00000000ea600000, 0x00000000ea600000|100%| E|CS|TAMS 0x00000000ea500000, 0x00000000ea500000| Complete 
| 166|0x00000000ea600000, 0x00000000ea700000, 0x00000000ea700000|100%| E|CS|TAMS 0x00000000ea600000, 0x00000000ea600000| Complete 
| 167|0x00000000ea700000, 0x00000000ea800000, 0x00000000ea800000|100%| E|CS|TAMS 0x00000000ea700000, 0x00000000ea700000| Complete 
| 168|0x00000000ea800000, 0x00000000ea900000, 0x00000000ea900000|100%| E|CS|TAMS 0x00000000ea800000, 0x00000000ea800000| Complete 
| 169|0x00000000ea900000, 0x00000000eaa00000, 0x00000000eaa00000|100%| E|CS|TAMS 0x00000000ea900000, 0x00000000ea900000| Complete 
| 170|0x00000000eaa00000, 0x00000000eab00000, 0x00000000eab00000|100%| E|CS|TAMS 0x00000000eaa00000, 0x00000000eaa00000| Complete 
| 171|0x00000000eab00000, 0x00000000eac00000, 0x00000000eac00000|100%| E|CS|TAMS 0x00000000eab00000, 0x00000000eab00000| Complete 
| 172|0x00000000eac00000, 0x00000000ead00000, 0x00000000ead00000|100%| E|CS|TAMS 0x00000000eac00000, 0x00000000eac00000| Complete 
| 173|0x00000000ead00000, 0x00000000eae00000, 0x00000000eae00000|100%| E|CS|TAMS 0x00000000ead00000, 0x00000000ead00000| Complete 
| 174|0x00000000eae00000, 0x00000000eaf00000, 0x00000000eaf00000|100%| E|CS|TAMS 0x00000000eae00000, 0x00000000eae00000| Complete 
| 175|0x00000000eaf00000, 0x00000000eb000000, 0x00000000eb000000|100%| E|CS|TAMS 0x00000000eaf00000, 0x00000000eaf00000| Complete 
| 176|0x00000000eb000000, 0x00000000eb100000, 0x00000000eb100000|100%| E|CS|TAMS 0x00000000eb000000, 0x00000000eb000000| Complete 
| 177|0x00000000eb100000, 0x00000000eb200000, 0x00000000eb200000|100%| E|CS|TAMS 0x00000000eb100000, 0x00000000eb100000| Complete 
| 178|0x00000000eb200000, 0x00000000eb300000, 0x00000000eb300000|100%| E|CS|TAMS 0x00000000eb200000, 0x00000000eb200000| Complete 
| 179|0x00000000eb300000, 0x00000000eb400000, 0x00000000eb400000|100%| E|CS|TAMS 0x00000000eb300000, 0x00000000eb300000| Complete 
| 180|0x00000000eb400000, 0x00000000eb500000, 0x00000000eb500000|100%| E|CS|TAMS 0x00000000eb400000, 0x00000000eb400000| Complete 
| 181|0x00000000eb500000, 0x00000000eb600000, 0x00000000eb600000|100%| E|CS|TAMS 0x00000000eb500000, 0x00000000eb500000| Complete 
| 182|0x00000000eb600000, 0x00000000eb700000, 0x00000000eb700000|100%| E|CS|TAMS 0x00000000eb600000, 0x00000000eb600000| Complete 
| 183|0x00000000eb700000, 0x00000000eb800000, 0x00000000eb800000|100%| E|CS|TAMS 0x00000000eb700000, 0x00000000eb700000| Complete 
| 184|0x00000000eb800000, 0x00000000eb900000, 0x00000000eb900000|100%| E|CS|TAMS 0x00000000eb800000, 0x00000000eb800000| Complete 
| 185|0x00000000eb900000, 0x00000000eba00000, 0x00000000eba00000|100%| E|CS|TAMS 0x00000000eb900000, 0x00000000eb900000| Complete 
| 186|0x00000000eba00000, 0x00000000ebb00000, 0x00000000ebb00000|100%| E|CS|TAMS 0x00000000eba00000, 0x00000000eba00000| Complete 
| 187|0x00000000ebb00000, 0x00000000ebc00000, 0x00000000ebc00000|100%| E|CS|TAMS 0x00000000ebb00000, 0x00000000ebb00000| Complete 
| 188|0x00000000ebc00000, 0x00000000ebd00000, 0x00000000ebd00000|100%| E|CS|TAMS 0x00000000ebc00000, 0x00000000ebc00000| Complete 
| 189|0x00000000ebd00000, 0x00000000ebe00000, 0x00000000ebe00000|100%| E|CS|TAMS 0x00000000ebd00000, 0x00000000ebd00000| Complete 
| 190|0x00000000ebe00000, 0x00000000ebf00000, 0x00000000ebf00000|100%| E|CS|TAMS 0x00000000ebe00000, 0x00000000ebe00000| Complete 
| 191|0x00000000ebf00000, 0x00000000ec000000, 0x00000000ec000000|100%| E|CS|TAMS 0x00000000ebf00000, 0x00000000ebf00000| Complete 
| 192|0x00000000ec000000, 0x00000000ec100000, 0x00000000ec100000|100%| E|CS|TAMS 0x00000000ec000000, 0x00000000ec000000| Complete 
| 193|0x00000000ec100000, 0x00000000ec200000, 0x00000000ec200000|100%| E|CS|TAMS 0x00000000ec100000, 0x00000000ec100000| Complete 
| 194|0x00000000ec200000, 0x00000000ec300000, 0x00000000ec300000|100%| E|CS|TAMS 0x00000000ec200000, 0x00000000ec200000| Complete 
| 195|0x00000000ec300000, 0x00000000ec400000, 0x00000000ec400000|100%| E|CS|TAMS 0x00000000ec300000, 0x00000000ec300000| Complete 
| 196|0x00000000ec400000, 0x00000000ec500000, 0x00000000ec500000|100%| E|CS|TAMS 0x00000000ec400000, 0x00000000ec400000| Complete 
| 197|0x00000000ec500000, 0x00000000ec600000, 0x00000000ec600000|100%| E|CS|TAMS 0x00000000ec500000, 0x00000000ec500000| Complete 
| 198|0x00000000ec600000, 0x00000000ec700000, 0x00000000ec700000|100%| E|CS|TAMS 0x00000000ec600000, 0x00000000ec600000| Complete 
| 199|0x00000000ec700000, 0x00000000ec800000, 0x00000000ec800000|100%| E|CS|TAMS 0x00000000ec700000, 0x00000000ec700000| Complete 
| 200|0x00000000ec800000, 0x00000000ec900000, 0x00000000ec900000|100%| E|CS|TAMS 0x00000000ec800000, 0x00000000ec800000| Complete 
| 201|0x00000000ec900000, 0x00000000eca00000, 0x00000000eca00000|100%| E|CS|TAMS 0x00000000ec900000, 0x00000000ec900000| Complete 
| 202|0x00000000eca00000, 0x00000000ecb00000, 0x00000000ecb00000|100%| E|CS|TAMS 0x00000000eca00000, 0x00000000eca00000| Complete 
| 203|0x00000000ecb00000, 0x00000000ecc00000, 0x00000000ecc00000|100%| E|CS|TAMS 0x00000000ecb00000, 0x00000000ecb00000| Complete 
| 204|0x00000000ecc00000, 0x00000000ecd00000, 0x00000000ecd00000|100%| E|CS|TAMS 0x00000000ecc00000, 0x00000000ecc00000| Complete 
| 205|0x00000000ecd00000, 0x00000000ece00000, 0x00000000ece00000|100%| E|CS|TAMS 0x00000000ecd00000, 0x00000000ecd00000| Complete 
| 206|0x00000000ece00000, 0x00000000ecf00000, 0x00000000ecf00000|100%| E|CS|TAMS 0x00000000ece00000, 0x00000000ece00000| Complete 
| 207|0x00000000ecf00000, 0x00000000ed000000, 0x00000000ed000000|100%| E|CS|TAMS 0x00000000ecf00000, 0x00000000ecf00000| Complete 
| 208|0x00000000ed000000, 0x00000000ed100000, 0x00000000ed100000|100%| E|CS|TAMS 0x00000000ed000000, 0x00000000ed000000| Complete 
| 209|0x00000000ed100000, 0x00000000ed200000, 0x00000000ed200000|100%| E|CS|TAMS 0x00000000ed100000, 0x00000000ed100000| Complete 
| 210|0x00000000ed200000, 0x00000000ed300000, 0x00000000ed300000|100%| E|CS|TAMS 0x00000000ed200000, 0x00000000ed200000| Complete 
| 211|0x00000000ed300000, 0x00000000ed400000, 0x00000000ed400000|100%| E|CS|TAMS 0x00000000ed300000, 0x00000000ed300000| Complete 
| 212|0x00000000ed400000, 0x00000000ed500000, 0x00000000ed500000|100%| E|CS|TAMS 0x00000000ed400000, 0x00000000ed400000| Complete 
| 213|0x00000000ed500000, 0x00000000ed600000, 0x00000000ed600000|100%| E|CS|TAMS 0x00000000ed500000, 0x00000000ed500000| Complete 
| 214|0x00000000ed600000, 0x00000000ed700000, 0x00000000ed700000|100%| E|CS|TAMS 0x00000000ed600000, 0x00000000ed600000| Complete 
| 215|0x00000000ed700000, 0x00000000ed800000, 0x00000000ed800000|100%| E|CS|TAMS 0x00000000ed700000, 0x00000000ed700000| Complete 
| 216|0x00000000ed800000, 0x00000000ed900000, 0x00000000ed900000|100%| E|CS|TAMS 0x00000000ed800000, 0x00000000ed800000| Complete 
| 217|0x00000000ed900000, 0x00000000eda00000, 0x00000000eda00000|100%| E|CS|TAMS 0x00000000ed900000, 0x00000000ed900000| Complete 
| 218|0x00000000eda00000, 0x00000000edb00000, 0x00000000edb00000|100%| E|CS|TAMS 0x00000000eda00000, 0x00000000eda00000| Complete 
| 219|0x00000000edb00000, 0x00000000edc00000, 0x00000000edc00000|100%| E|CS|TAMS 0x00000000edb00000, 0x00000000edb00000| Complete 
| 220|0x00000000edc00000, 0x00000000edd00000, 0x00000000edd00000|100%| E|CS|TAMS 0x00000000edc00000, 0x00000000edc00000| Complete 
| 221|0x00000000edd00000, 0x00000000ede00000, 0x00000000ede00000|100%| E|CS|TAMS 0x00000000edd00000, 0x00000000edd00000| Complete 
| 222|0x00000000ede00000, 0x00000000edf00000, 0x00000000edf00000|100%| E|CS|TAMS 0x00000000ede00000, 0x00000000ede00000| Complete 
| 223|0x00000000edf00000, 0x00000000ee000000, 0x00000000ee000000|100%| E|CS|TAMS 0x00000000edf00000, 0x00000000edf00000| Complete 
| 224|0x00000000ee000000, 0x00000000ee100000, 0x00000000ee100000|100%| E|CS|TAMS 0x00000000ee000000, 0x00000000ee000000| Complete 
| 225|0x00000000ee100000, 0x00000000ee200000, 0x00000000ee200000|100%| E|CS|TAMS 0x00000000ee100000, 0x00000000ee100000| Complete 
| 226|0x00000000ee200000, 0x00000000ee300000, 0x00000000ee300000|100%| E|CS|TAMS 0x00000000ee200000, 0x00000000ee200000| Complete 
| 227|0x00000000ee300000, 0x00000000ee400000, 0x00000000ee400000|100%| E|CS|TAMS 0x00000000ee300000, 0x00000000ee300000| Complete 
| 228|0x00000000ee400000, 0x00000000ee500000, 0x00000000ee500000|100%| E|CS|TAMS 0x00000000ee400000, 0x00000000ee400000| Complete 
| 229|0x00000000ee500000, 0x00000000ee600000, 0x00000000ee600000|100%| S|CS|TAMS 0x00000000ee500000, 0x00000000ee500000| Complete 
| 230|0x00000000ee600000, 0x00000000ee700000, 0x00000000ee700000|100%| S|CS|TAMS 0x00000000ee600000, 0x00000000ee600000| Complete 
| 231|0x00000000ee700000, 0x00000000ee800000, 0x00000000ee800000|100%| S|CS|TAMS 0x00000000ee700000, 0x00000000ee700000| Complete 
| 232|0x00000000ee800000, 0x00000000ee900000, 0x00000000ee900000|100%| E|CS|TAMS 0x00000000ee800000, 0x00000000ee800000| Complete 
| 233|0x00000000ee900000, 0x00000000eea00000, 0x00000000eea00000|100%| E|CS|TAMS 0x00000000ee900000, 0x00000000ee900000| Complete 
| 234|0x00000000eea00000, 0x00000000eeb00000, 0x00000000eeb00000|100%| E|CS|TAMS 0x00000000eea00000, 0x00000000eea00000| Complete 
| 235|0x00000000eeb00000, 0x00000000eec00000, 0x00000000eec00000|100%| E|CS|TAMS 0x00000000eeb00000, 0x00000000eeb00000| Complete 
| 236|0x00000000eec00000, 0x00000000eed00000, 0x00000000eed00000|100%| E|CS|TAMS 0x00000000eec00000, 0x00000000eec00000| Complete 
| 237|0x00000000eed00000, 0x00000000eee00000, 0x00000000eee00000|100%| E|CS|TAMS 0x00000000eed00000, 0x00000000eed00000| Complete 
| 238|0x00000000eee00000, 0x00000000eef00000, 0x00000000eef00000|100%| E|CS|TAMS 0x00000000eee00000, 0x00000000eee00000| Complete 
| 239|0x00000000eef00000, 0x00000000ef000000, 0x00000000ef000000|100%| E|  |TAMS 0x00000000eef00000, 0x00000000eef00000| Complete 
| 240|0x00000000ef000000, 0x00000000ef100000, 0x00000000ef100000|100%| E|CS|TAMS 0x00000000ef000000, 0x00000000ef000000| Complete 
| 241|0x00000000ef100000, 0x00000000ef200000, 0x00000000ef200000|100%| E|CS|TAMS 0x00000000ef100000, 0x00000000ef100000| Complete 
| 242|0x00000000ef200000, 0x00000000ef300000, 0x00000000ef300000|100%| E|CS|TAMS 0x00000000ef200000, 0x00000000ef200000| Complete 
| 243|0x00000000ef300000, 0x00000000ef400000, 0x00000000ef400000|100%| E|CS|TAMS 0x00000000ef300000, 0x00000000ef300000| Complete 
| 244|0x00000000ef400000, 0x00000000ef500000, 0x00000000ef500000|100%| E|CS|TAMS 0x00000000ef400000, 0x00000000ef400000| Complete 
| 245|0x00000000ef500000, 0x00000000ef600000, 0x00000000ef600000|100%| E|CS|TAMS 0x00000000ef500000, 0x00000000ef500000| Complete 
| 246|0x00000000ef600000, 0x00000000ef700000, 0x00000000ef700000|100%| E|CS|TAMS 0x00000000ef600000, 0x00000000ef600000| Complete 
| 247|0x00000000ef700000, 0x00000000ef800000, 0x00000000ef800000|100%| E|CS|TAMS 0x00000000ef700000, 0x00000000ef700000| Complete 
| 248|0x00000000ef800000, 0x00000000ef900000, 0x00000000ef900000|100%| E|CS|TAMS 0x00000000ef800000, 0x00000000ef800000| Complete 
| 249|0x00000000ef900000, 0x00000000efa00000, 0x00000000efa00000|100%| E|CS|TAMS 0x00000000ef900000, 0x00000000ef900000| Complete 
| 250|0x00000000efa00000, 0x00000000efb00000, 0x00000000efb00000|100%| E|CS|TAMS 0x00000000efa00000, 0x00000000efa00000| Complete 
| 251|0x00000000efb00000, 0x00000000efc00000, 0x00000000efc00000|100%| E|CS|TAMS 0x00000000efb00000, 0x00000000efb00000| Complete 
| 252|0x00000000efc00000, 0x00000000efd00000, 0x00000000efd00000|100%| E|CS|TAMS 0x00000000efc00000, 0x00000000efc00000| Complete 
| 253|0x00000000efd00000, 0x00000000efe00000, 0x00000000efe00000|100%| E|CS|TAMS 0x00000000efd00000, 0x00000000efd00000| Complete 
| 254|0x00000000efe00000, 0x00000000eff00000, 0x00000000eff00000|100%| E|CS|TAMS 0x00000000efe00000, 0x00000000efe00000| Complete 
| 255|0x00000000eff00000, 0x00000000f0000000, 0x00000000f0000000|100%| E|CS|TAMS 0x00000000eff00000, 0x00000000eff00000| Complete 
| 510|0x00000000ffe00000, 0x00000000ffe47000, 0x00000000fff00000| 27%|OA|  |TAMS 0x00000000ffe00000, 0x00000000ffe00000| Untracked 
| 511|0x00000000fff00000, 0x00000000fff6b000, 0x0000000100000000| 41%|CA|  |TAMS 0x00000000fff00000, 0x00000000fff00000| Untracked 

Card table byte_map: [0x00007f47a4678000,0x00007f47a4778000] _byte_map_base: 0x00007f47a3f78000

Marking Bits (Prev, Next): (CMBitMap*) 0x00007f47bc03c818, (CMBitMap*) 0x00007f47bc03c850
 Prev Bits: [0x00007f479f800000, 0x00007f47a0000000)
 Next Bits: [0x00007f479f000000, 0x00007f479f800000)

Polling page: 0x00007f47c2561000

Metaspace:

Usage:
  Non-class:     16.20 MB capacity,    15.85 MB ( 98%) used,   324.22 KB (  2%) free+waste,    37.62 KB ( <1%) overhead. 
      Class:      2.83 MB capacity,     2.67 MB ( 94%) used,   141.64 KB (  5%) free+waste,    20.31 KB ( <1%) overhead. 
       Both:     19.04 MB capacity,    18.52 MB ( 97%) used,   465.86 KB (  2%) free+waste,    57.94 KB ( <1%) overhead. 

Virtual space:
  Non-class space:       18.00 MB reserved,      16.50 MB ( 92%) committed 
      Class space:      248.00 MB reserved,       2.88 MB (  1%) committed 
             Both:      266.00 MB reserved,      19.38 MB (  7%) committed 

Chunk freelists:
   Non-Class:  228.00 KB
       Class:  12.00 KB
        Both:  240.00 KB

MaxMetaspaceSize: 256.00 MB
CompressedClassSpaceSize: 248.00 MB

CodeHeap 'non-profiled nmethods': size=120032Kb used=687Kb max_used=687Kb free=119344Kb
 bounds [0x00007f47ac340000, 0x00007f47ac5b0000, 0x00007f47b3878000]
CodeHeap 'profiled nmethods': size=120028Kb used=4194Kb max_used=4194Kb free=115833Kb
 bounds [0x00007f47a4e09000, 0x00007f47a5229000, 0x00007f47ac340000]
CodeHeap 'non-nmethods': size=5700Kb used=1136Kb max_used=1174Kb free=4563Kb
 bounds [0x00007f47a4878000, 0x00007f47a4ae8000, 0x00007f47a4e09000]
 total_blobs=2431 nmethods=1960 adapters=383
 compilation: enabled
              stopped_count=0, restarted_count=0
 full_count=0

Compilation events (20 events):
Event: 1.351 Thread 0x00007f47bc179000 nmethod 1964 0x00007f47a5218790 code [0x00007f47a52189a0, 0x00007f47a5219020]
Event: 1.352 Thread 0x00007f47bc179000 1966       3       org.gradle.internal.instantiation.generator.AbstractClassGenerator$ClassGenerationHandler::visitProperty (1 bytes)
Event: 1.352 Thread 0x00007f47bc179000 nmethod 1966 0x00007f47a5219210 code [0x00007f47a52193c0, 0x00007f47a52194d0]
Event: 1.352 Thread 0x00007f47bc179000 1967       1       org.gradle.internal.instantiation.generator.AbstractClassGenerator$PropertyMetadata::access$1500 (5 bytes)
Event: 1.352 Thread 0x00007f47bc179000 nmethod 1967 0x00007f47ac3eb710 code [0x00007f47ac3eb8c0, 0x00007f47ac3eb950]
Event: 1.352 Thread 0x00007f47bc179000 1965       1       org.gradle.internal.reflect.MutablePropertyDetails::getName (5 bytes)
Event: 1.352 Thread 0x00007f47bc179000 nmethod 1965 0x00007f47ac3eba10 code [0x00007f47ac3ebbc0, 0x00007f47ac3ebc90]
Event: 1.352 Thread 0x00007f47bc179000 1968       3       org.objectweb.asm.SymbolTable::addTypeInternal (85 bytes)
Event: 1.352 Thread 0x00007f47bc179000 nmethod 1968 0x00007f47a5219590 code [0x00007f47a5219780, 0x00007f47a5219df0]
Event: 1.352 Thread 0x00007f47bc179000 1973       3       org.objectweb.asm.ByteVector::putUTF8 (144 bytes)
Event: 1.353 Thread 0x00007f47bc179000 nmethod 1973 0x00007f47a5219f90 code [0x00007f47a521a220, 0x00007f47a521ad20]
Event: 1.353 Thread 0x00007f47bc179000 1972       3       org.objectweb.asm.SymbolTable::addConstantNameAndType (137 bytes)
Event: 1.353 Thread 0x00007f47bc179000 nmethod 1972 0x00007f47a521b210 code [0x00007f47a521b480, 0x00007f47a521bc40]
Event: 1.353 Thread 0x00007f47bc179000 1975       3       org.objectweb.asm.Handler::getExceptionTableSize (10 bytes)
Event: 1.353 Thread 0x00007f47bc179000 nmethod 1975 0x00007f47a521c090 code [0x00007f47a521c240, 0x00007f47a521c430]
Event: 1.353 Thread 0x00007f47bc179000 1971       3       org.objectweb.asm.Type::getDescriptor (93 bytes)
Event: 1.354 Thread 0x00007f47bc179000 nmethod 1971 0x00007f47a521c590 code [0x00007f47a521c820, 0x00007f47a521d1a0]
Event: 1.354 Thread 0x00007f47bc179000 1969       3       org.objectweb.asm.ClassWriter::visitMethod (57 bytes)
Event: 1.354 Thread 0x00007f47bc179000 nmethod 1969 0x00007f47a521d510 code [0x00007f47a521d6e0, 0x00007f47a521da60]
Event: 1.354 Thread 0x00007f47bc179000 1970       3       org.objectweb.asm.MethodWriter::<init> (232 bytes)

GC Heap History (2 events):
Event: 0.354 GC heap before
{Heap before GC invocations=0 (full 0):
 garbage-first heap   total 264192K, used 30408K [0x00000000e0000000, 0x0000000100000000)
  region size 1024K, 24 young (24576K), 0 survivors (0K)
 Metaspace       used 3910K, capacity 6588K, committed 6784K, reserved 262144K
  class space    used 508K, capacity 772K, committed 896K, reserved 253952K
}
Event: 0.362 GC heap after
{Heap after GC invocations=1 (full 0):
 garbage-first heap   total 264192K, used 8908K [0x00000000e0000000, 0x0000000100000000)
  region size 1024K, 3 young (3072K), 3 survivors (3072K)
 Metaspace       used 3910K, capacity 6588K, committed 6784K, reserved 262144K
  class space    used 508K, capacity 772K, committed 896K, reserved 253952K
}

Deoptimization events (20 events):
Event: 1.206 Thread 0x00007f4740009000 DEOPT PACKING pc=0x00007f47ac35786c sp=0x00007f478e367f80
Event: 1.206 Thread 0x00007f4740009000 DEOPT UNPACKING pc=0x00007f47a489d925 sp=0x00007f478e367f28 mode 2
Event: 1.206 Thread 0x00007f4740009000 Uncommon trap: trap_request=0xffffff4d fr.pc=0x00007f47ac389b54 relative=0x00000000000001b4
Event: 1.206 Thread 0x00007f4740009000 Uncommon trap: reason=unstable_if action=reinterpret pc=0x00007f47ac389b54 method=java.net.URI.match(CJJ)Z @ 19 c2
Event: 1.206 Thread 0x00007f4740009000 DEOPT PACKING pc=0x00007f47ac389b54 sp=0x00007f478e367f10
Event: 1.206 Thread 0x00007f4740009000 DEOPT UNPACKING pc=0x00007f47a489d925 sp=0x00007f478e367e20 mode 2
Event: 1.237 Thread 0x00007f4740009000 Uncommon trap: trap_request=0xffffff4d fr.pc=0x00007f47ac3d55f8 relative=0x0000000000000238
Event: 1.237 Thread 0x00007f4740009000 Uncommon trap: reason=unstable_if action=reinterpret pc=0x00007f47ac3d55f8 method=java.util.HashMap.hash(Ljava/lang/Object;)I @ 1 c2
Event: 1.237 Thread 0x00007f4740009000 DEOPT PACKING pc=0x00007f47ac3d55f8 sp=0x00007f478e365660
Event: 1.237 Thread 0x00007f4740009000 DEOPT UNPACKING pc=0x00007f47a489d925 sp=0x00007f478e3655b8 mode 2
Event: 1.243 Thread 0x00007f4740009000 Uncommon trap: trap_request=0xffffff4d fr.pc=0x00007f47ac380dbc relative=0x000000000000009c
Event: 1.243 Thread 0x00007f4740009000 Uncommon trap: reason=unstable_if action=reinterpret pc=0x00007f47ac380dbc method=java.util.HashMap.hash(Ljava/lang/Object;)I @ 1 c2
Event: 1.243 Thread 0x00007f4740009000 DEOPT PACKING pc=0x00007f47ac380dbc sp=0x00007f478e365200
Event: 1.243 Thread 0x00007f4740009000 DEOPT UNPACKING pc=0x00007f47a489d925 sp=0x00007f478e3651b8 mode 2
Event: 1.296 Thread 0x00007f4740009000 Uncommon trap: trap_request=0xffffff4d fr.pc=0x00007f47ac3820bc relative=0x000000000000075c
Event: 1.296 Thread 0x00007f4740009000 Uncommon trap: reason=unstable_if action=reinterpret pc=0x00007f47ac3820bc method=java.io.UnixFileSystem.resolve(Ljava/lang/String;Ljava/lang/String;)Ljava/lang/String; @ 18 c2
Event: 1.296 Thread 0x00007f4740009000 DEOPT PACKING pc=0x00007f47ac3820bc sp=0x00007f478e366eb0
Event: 1.296 Thread 0x00007f4740009000 DEOPT UNPACKING pc=0x00007f47a489d925 sp=0x00007f478e366e88 mode 2
Event: 1.352 Thread 0x00007f4740009000 DEOPT PACKING pc=0x00007f47a519f371 sp=0x00007f478e365b70
Event: 1.352 Thread 0x00007f4740009000 DEOPT UNPACKING pc=0x00007f47a489e0ca sp=0x00007f478e3650a0 mode 0

Classes redefined (0 events):
No events

Internal exceptions (20 events):
Event: 0.708 Thread 0x00007f4740009000 Exception <a 'java/lang/NoSuchMethodError'{0x00000000ecd99f48}: 'void java.lang.invoke.DelegatingMethodHandle$Holder.reinvoke_L(java.lang.Object, java.lang.Object, java.lang.Object, java.lang.Object, java.lang.Object, java.lang.Object, java.lang.Object)'> (0x00000000ecd99f48) thrown at [src/hotspot/share/interpreter/linkResolver.cpp, line 772]
Event: 0.760 Thread 0x00007f4740009000 Exception <a 'java/lang/NoSuchMethodError'{0x00000000ec706ed8}: 'java.lang.Object java.lang.invoke.DirectMethodHandle$Holder.invokeVirtual(java.lang.Object, java.lang.Object, java.lang.Object)'> (0x00000000ec706ed8) thrown at [src/hotspot/share/interpreter/linkResolver.cpp, line 772]
Event: 0.811 Thread 0x00007f4740009000 Exception <a 'java/lang/NoSuchMethodError'{0x00000000ec11cfd8}: 'void java.lang.invoke.DirectMethodHandle$Holder.invokeStaticInit(java.lang.Object)'> (0x00000000ec11cfd8) thrown at [src/hotspot/share/interpreter/linkResolver.cpp, line 772]
Event: 0.930 Thread 0x00007f4740009000 Exception <a 'java/lang/NoSuchMethodError'{0x00000000eb155798}: 'java.lang.Object java.lang.invoke.DirectMethodHandle$Holder.invokeVirtual(java.lang.Object, java.lang.Object, java.lang.Object, java.lang.Object)'> (0x00000000eb155798) thrown at [src/hotspot/share/interpreter/linkResolver.cpp, line 772]
Event: 0.963 Thread 0x00007f4740009000 Exception <a 'java/lang/NoSuchMethodError'{0x00000000eaedcf38}: 'int java.lang.invoke.DirectMethodHandle$Holder.invokeSpecialIFC(java.lang.Object, java.lang.Object, java.lang.Object, java.lang.Object)'> (0x00000000eaedcf38) thrown at [src/hotspot/share/interpreter/linkResolver.cpp, line 772]
Event: 0.965 Thread 0x00007f4740009000 Exception <a 'java/lang/NoSuchMethodError'{0x00000000eaeeb0a0}: 'java.lang.Object java.lang.invoke.DirectMethodHandle$Holder.invokeInterface(java.lang.Object, java.lang.Object, java.lang.Object)'> (0x00000000eaeeb0a0) thrown at [src/hotspot/share/interpreter/linkResolver.cpp, line 772]
Event: 0.965 Thread 0x00007f4740009000 Exception <a 'java/lang/IncompatibleClassChangeError'{0x00000000eaeee820}: Found class java.lang.Object, but interface was expected> (0x00000000eaeee820) thrown at [src/hotspot/share/interpreter/linkResolver.cpp, line 839]
Event: 1.055 Thread 0x00007f4740009000 Exception <a 'java/lang/NoSuchMethodError'{0x00000000ea5e7188}: 'void java.lang.invoke.DirectMethodHandle$Holder.invokeSpecial(java.lang.Object, java.lang.Object, java.lang.Object, java.lang.Object, java.lang.Object, java.lang.Object)'> (0x00000000ea5e7188) thrown at [src/hotspot/share/interpreter/linkResolver.cpp, line 772]
Event: 1.090 Thread 0x00007f4740009000 Exception <a 'java/lang/NoSuchMethodError'{0x00000000ea05a610}: 'java.lang.Object java.lang.invoke.DirectMethodHandle$Holder.invokeSpecialIFC(java.lang.Object, java.lang.Object, java.lang.Object, java.lang.Object)'> (0x00000000ea05a610) thrown at [src/hotspot/share/interpreter/linkResolver.cpp, line 772]
Event: 1.107 Thread 0x00007f4740009000 Exception <a 'java/lang/NoSuchMethodError'{0x00000000e9e99bc0}: 'java.lang.Object java.lang.invoke.Invokers$Holder.invoker(java.lang.Object, java.lang.Object, java.lang.Object)'> (0x00000000e9e99bc0) thrown at [src/hotspot/share/interpreter/linkResolver.cpp, line 772]
Event: 1.121 Thread 0x00007f4740009000 Exception <a 'java/lang/NoSuchMethodError'{0x00000000e9d9b148}: 'void java.lang.invoke.DirectMethodHandle$Holder.invokeSpecial(java.lang.Object, java.lang.Object, java.lang.Object, java.lang.Object, java.lang.Object, java.lang.Object, java.lang.Object)'> (0x00000000e9d9b148) thrown at [src/hotspot/share/interpreter/linkResolver.cpp, line 772]
Event: 1.121 Thread 0x00007f4740009000 Exception <a 'java/lang/NoSuchMethodError'{0x00000000e9da3390}: 'java.lang.Object java.lang.invoke.Invokers$Holder.linkToTargetMethod(java.lang.Object, java.lang.Object, java.lang.Object, java.lang.Object, java.lang.Object, java.lang.Object)'> (0x00000000e9da3390) thrown at [src/hotspot/share/interpreter/linkResolver.cpp, line 772]
Event: 1.237 Thread 0x00007f4740009000 Implicit null exception at 0x00007f47ac3d5405 to 0x00007f47ac3d55e8
Event: 1.243 Thread 0x00007f4740009000 Implicit null exception at 0x00007f47ac380d2f to 0x00007f47ac380dad
Event: 1.262 Thread 0x00007f4740009000 Exception <a 'java/lang/NoSuchMethodError'{0x00000000e8bb14a0}: 'java.lang.Object java.lang.invoke.DirectMethodHandle$Holder.invokeSpecial(java.lang.Object, java.lang.Object, java.lang.Object, java.lang.Object, java.lang.Object, java.lang.Object, java.lang.Object, java.lang.Object, java.lang.Object, java.lang.Object, java.lang.Object, java.lang.Object, java.lang.Object)'> (0x00000000e8bb14a0) thrown at [src/hotspot/share/interpreter/linkResolver.cpp, line 772]
Event: 1.262 Thread 0x00007f4740009000 Exception <a 'java/lang/NoSuchMethodError'{0x00000000e8bc2598}: 'java.lang.Object java.lang.invoke.DirectMethodHandle$Holder.invokeSpecial(java.lang.Object, java.lang.Object, java.lang.Object, java.lang.Object, java.lang.Object, java.lang.Object, java.lang.Object, java.lang.Object, java.lang.Object, java.lang.Object, java.lang.Object, java.lang.Object)'> (0x00000000e8bc2598) thrown at [src/hotspot/share/interpreter/linkResolver.cpp, line 772]
Event: 1.263 Thread 0x00007f4740009000 Exception <a 'java/lang/NoSuchMethodError'{0x00000000e8bc76c0}: 'java.lang.Object java.lang.invoke.Invokers$Holder.linkToTargetMethod(java.lang.Object, java.lang.Object, java.lang.Object, java.lang.Object, java.lang.Object, java.lang.Object, java.lang.Object, java.lang.Object, java.lang.Object, java.lang.Object, java.lang.Object)'> (0x00000000e8bc76c0) thrown at [src/hotspot/share/interpreter/linkResolver.cpp, line 772]
Event: 1.270 Thread 0x00007f4740009000 Exception <a 'java/lang/NoSuchMethodError'{0x00000000e8ac6da0}: 'java.lang.Object java.lang.invoke.DirectMethodHandle$Holder.invokeSpecial(java.lang.Object, java.lang.Object, java.lang.Object, java.lang.Object, java.lang.Object, java.lang.Object, java.lang.Object, java.lang.Object, java.lang.Object, java.lang.Object, java.lang.Object, java.lang.Object, java.lang.Object, java.lang.Object)'> (0x00000000e8ac6da0) thrown at [src/hotspot/share/interpreter/linkResolver.cpp, line 772]
Event: 1.272 Thread 0x00007f4740009000 Exception <a 'java/lang/NoSuchMethodError'{0x00000000e8ad8398}: 'java.lang.Object java.lang.invoke.Invokers$Holder.linkToTargetMethod(java.lang.Object, java.lang.Object, java.lang.Object, java.lang.Object, java.lang.Object, java.lang.Object, java.lang.Object, java.lang.Object, java.lang.Object, java.lang.Object, java.lang.Object, java.lang.Object)'> (0x00000000e8ad8398) thrown at [src/hotspot/share/interpreter/linkResolver.cpp, line 772]
Event: 1.276 Thread 0x00007f4740009000 Exception <a 'java/lang/NoSuchMethodError'{0x00000000e8945f88}: 'java.lang.Object java.lang.invoke.DirectMethodHandle$Holder.invokeStaticInit(java.lang.Object, java.lang.Object, java.lang.Object, java.lang.Object)'> (0x00000000e8945f88) thrown at [src/hotspot/share/interpreter/linkResolver.cpp, line 772]

Events (20 events):
Event: 1.353 loading class org/gradle/api/internal/artifacts/dsl/dependencies/PlatformSupport$ComponentCategoryDisambiguationRule
Event: 1.353 loading class org/gradle/api/internal/artifacts/dsl/dependencies/PlatformSupport$ComponentCategoryDisambiguationRule done
Event: 1.353 loading class org/gradle/api/attributes/AttributeDisambiguationRule
Event: 1.353 loading class org/gradle/api/attributes/AttributeDisambiguationRule done
Event: 1.353 loading class org/gradle/api/internal/ReusableAction
Event: 1.353 loading class org/gradle/api/internal/ReusableAction done
Event: 1.353 loading class org/gradle/api/ActionConfiguration
Event: 1.353 loading class org/gradle/api/ActionConfiguration done
Event: 1.353 loading class org/gradle/api/ActionConfiguration
Event: 1.353 loading class org/gradle/api/ActionConfiguration done
Event: 1.353 loading class org/gradle/api/ActionConfiguration
Event: 1.353 loading class org/gradle/api/ActionConfiguration done
Event: 1.353 loading class org/gradle/api/internal/artifacts/dsl/dependencies/PlatformSupport
Event: 1.353 loading class org/gradle/api/internal/artifacts/dsl/dependencies/PlatformSupport done
Event: 1.354 loading class org/gradle/internal/action/InstantiatingAction
Event: 1.354 loading class org/gradle/internal/action/InstantiatingAction done
Event: 1.354 loading class org/gradle/internal/action/DefaultConfigurableRule
Event: 1.354 loading class org/gradle/internal/action/DefaultConfigurableRule done
Event: 1.354 loading class org/gradle/api/internal/DefaultActionConfiguration
Event: 1.354 loading class org/gradle/api/internal/DefaultActionConfiguration done


Dynamic libraries:
e0000000-f0000000 rw-p 00000000 00:00 0 
f0000000-ffe00000 ---p 00000000 00:00 0 
ffe00000-ffe47000 rw-p 01111000 08:02 34479232                           /usr/lib/jvm/java-11-openjdk-amd64/lib/server/classes.jsa
ffe47000-fff00000 rw-p 00000000 00:00 0 
fff00000-fff6b000 rw-p 010a6000 08:02 34479232                           /usr/lib/jvm/java-11-openjdk-amd64/lib/server/classes.jsa
fff6b000-100000000 rw-p 00000000 00:00 0 
800000000-800002000 rwxp 00001000 08:02 34479232                         /usr/lib/jvm/java-11-openjdk-amd64/lib/server/classes.jsa
800002000-8003b9000 rw-p 00003000 08:02 34479232                         /usr/lib/jvm/java-11-openjdk-amd64/lib/server/classes.jsa
8003b9000-800a96000 r--p 003ba000 08:02 34479232                         /usr/lib/jvm/java-11-openjdk-amd64/lib/server/classes.jsa
800a96000-800a97000 rw-p 00a97000 08:02 34479232                         /usr/lib/jvm/java-11-openjdk-amd64/lib/server/classes.jsa
800a97000-8010a5000 r--p 00a98000 08:02 34479232                         /usr/lib/jvm/java-11-openjdk-amd64/lib/server/classes.jsa
840000000-8402e0000 rw-p 00000000 00:00 0 
8402e0000-84f800000 ---p 00000000 00:00 0 
558aa7305000-558aa7306000 r--p 00000000 08:02 34086296                   /usr/lib/jvm/java-11-openjdk-amd64/bin/java
558aa7306000-558aa7307000 r-xp 00001000 08:02 34086296                   /usr/lib/jvm/java-11-openjdk-amd64/bin/java
558aa7307000-558aa7308000 r--p 00002000 08:02 34086296                   /usr/lib/jvm/java-11-openjdk-amd64/bin/java
558aa7308000-558aa7309000 r--p 00002000 08:02 34086296                   /usr/lib/jvm/java-11-openjdk-amd64/bin/java
558aa7309000-558aa730a000 rw-p 00003000 08:02 34086296                   /usr/lib/jvm/java-11-openjdk-amd64/bin/java
558aa9120000-558aa9141000 rw-p 00000000 00:00 0                          [heap]
7f4704000000-7f4704021000 rw-p 00000000 00:00 0 
7f4704021000-7f4708000000 ---p 00000000 00:00 0 
7f470c000000-7f470c021000 rw-p 00000000 00:00 0 
7f470c021000-7f4710000000 ---p 00000000 00:00 0 
7f4710000000-7f4710021000 rw-p 00000000 00:00 0 
7f4710021000-7f4714000000 ---p 00000000 00:00 0 
7f4714000000-7f4714021000 rw-p 00000000 00:00 0 
7f4714021000-7f4718000000 ---p 00000000 00:00 0 
7f4718000000-7f4718021000 rw-p 00000000 00:00 0 
7f4718021000-7f471c000000 ---p 00000000 00:00 0 
7f471c000000-7f471c021000 rw-p 00000000 00:00 0 
7f471c021000-7f4720000000 ---p 00000000 00:00 0 
7f4720000000-7f4720021000 rw-p 00000000 00:00 0 
7f4720021000-7f4724000000 ---p 00000000 00:00 0 
7f4724000000-7f4724021000 rw-p 00000000 00:00 0 
7f4724021000-7f4728000000 ---p 00000000 00:00 0 
7f4728000000-7f4728021000 rw-p 00000000 00:00 0 
7f4728021000-7f472c000000 ---p 00000000 00:00 0 
7f472c000000-7f472ca10000 rw-p 00000000 00:00 0 
7f472ca10000-7f4730000000 ---p 00000000 00:00 0 
7f4730000000-7f4730021000 rw-p 00000000 00:00 0 
7f4730021000-7f4734000000 ---p 00000000 00:00 0 
7f4734000000-7f4734021000 rw-p 00000000 00:00 0 
7f4734021000-7f4738000000 ---p 00000000 00:00 0 
7f4738000000-7f4738021000 rw-p 00000000 00:00 0 
7f4738021000-7f473c000000 ---p 00000000 00:00 0 
7f473c000000-7f473c021000 rw-p 00000000 00:00 0 
7f473c021000-7f4740000000 ---p 00000000 00:00 0 
7f4740000000-7f4740021000 rw-p 00000000 00:00 0 
7f4740021000-7f4744000000 ---p 00000000 00:00 0 
7f4744000000-7f4744021000 rw-p 00000000 00:00 0 
7f4744021000-7f4748000000 ---p 00000000 00:00 0 
7f4748000000-7f4748054000 rw-p 00000000 00:00 0 
7f4748054000-7f474c000000 ---p 00000000 00:00 0 
7f474c000000-7f474c021000 rw-p 00000000 00:00 0 
7f474c021000-7f4750000000 ---p 00000000 00:00 0 
7f4750000000-7f4750021000 rw-p 00000000 00:00 0 
7f4750021000-7f4754000000 ---p 00000000 00:00 0 
7f4754000000-7f4754021000 rw-p 00000000 00:00 0 
7f4754021000-7f4758000000 ---p 00000000 00:00 0 
7f4758000000-7f4758021000 rw-p 00000000 00:00 0 
7f4758021000-7f475c000000 ---p 00000000 00:00 0 
7f475c000000-7f475c021000 rw-p 00000000 00:00 0 
7f475c021000-7f4760000000 ---p 00000000 00:00 0 
7f4760000000-7f4760021000 rw-p 00000000 00:00 0 
7f4760021000-7f4764000000 ---p 00000000 00:00 0 
7f4764000000-7f4764021000 rw-p 00000000 00:00 0 
7f4764021000-7f4768000000 ---p 00000000 00:00 0 
7f4768000000-7f4768021000 rw-p 00000000 00:00 0 
7f4768021000-7f476c000000 ---p 00000000 00:00 0 
7f476c000000-7f476d4c7000 rw-p 00000000 00:00 0 
7f476d4c7000-7f4770000000 ---p 00000000 00:00 0 
7f4770000000-7f4770626000 rw-p 00000000 00:00 0 
7f4770626000-7f4774000000 ---p 00000000 00:00 0 
7f4774000000-7f4774021000 rw-p 00000000 00:00 0 
7f4774021000-7f4778000000 ---p 00000000 00:00 0 
7f4778000000-7f4778021000 rw-p 00000000 00:00 0 
7f4778021000-7f477c000000 ---p 00000000 00:00 0 
7f477c000000-7f477c021000 rw-p 00000000 00:00 0 
7f477c021000-7f4780000000 ---p 00000000 00:00 0 
7f4780000000-7f4780021000 rw-p 00000000 00:00 0 
7f4780021000-7f4784000000 ---p 00000000 00:00 0 
7f4784000000-7f478423b000 rw-p 00000000 00:00 0 
7f478423b000-7f4788000000 ---p 00000000 00:00 0 
7f4788000000-7f4788021000 rw-p 00000000 00:00 0 
7f4788021000-7f478c000000 ---p 00000000 00:00 0 
7f478ce62000-7f478ce66000 ---p 00000000 00:00 0 
7f478ce66000-7f478cfe3000 rw-p 00000000 00:00 0 
7f478cfe3000-7f478d163000 ---p 00000000 00:00 0 
7f478d163000-7f478d167000 ---p 00000000 00:00 0 
7f478d167000-7f478d464000 rw-p 00000000 00:00 0 
7f478d464000-7f478d468000 ---p 00000000 00:00 0 
7f478d468000-7f478d565000 rw-p 00000000 00:00 0 
7f478d565000-7f478d569000 ---p 00000000 00:00 0 
7f478d569000-7f478d866000 rw-p 00000000 00:00 0 
7f478d866000-7f478d86a000 ---p 00000000 00:00 0 
7f478d86a000-7f478d967000 rw-p 00000000 00:00 0 
7f478d967000-7f478d96b000 ---p 00000000 00:00 0 
7f478d96b000-7f478dc68000 rw-p 00000000 00:00 0 
7f478dc68000-7f478dc6c000 ---p 00000000 00:00 0 
7f478dc6c000-7f478df69000 rw-p 00000000 00:00 0 
7f478df69000-7f478df6d000 ---p 00000000 00:00 0 
7f478df6d000-7f478e06a000 rw-p 00000000 00:00 0 
7f478e06a000-7f478e06e000 ---p 00000000 00:00 0 
7f478e06e000-7f478e16b000 rw-p 00000000 00:00 0 
7f478e16b000-7f478e16f000 ---p 00000000 00:00 0 
7f478e16f000-7f478e26c000 rw-p 00000000 00:00 0 
7f478e26c000-7f478e270000 ---p 00000000 00:00 0 
7f478e270000-7f478e36d000 rw-p 00000000 00:00 0 
7f478e36d000-7f478e371000 ---p 00000000 00:00 0 
7f478e371000-7f478e46e000 rw-p 00000000 00:00 0 
7f478e46e000-7f478e472000 ---p 00000000 00:00 0 
7f478e472000-7f478e56f000 rw-p 00000000 00:00 0 
7f478e56f000-7f478e573000 ---p 00000000 00:00 0 
7f478e573000-7f478e670000 rw-p 00000000 00:00 0 
7f478e670000-7f478e674000 ---p 00000000 00:00 0 
7f478e674000-7f478e771000 rw-p 00000000 00:00 0 
7f478e771000-7f478e775000 ---p 00000000 00:00 0 
7f478e775000-7f478e872000 rw-p 00000000 00:00 0 
7f478e872000-7f478e876000 ---p 00000000 00:00 0 
7f478e876000-7f478e973000 rw-p 00000000 00:00 0 
7f478e973000-7f478e974000 ---p 00000000 00:00 0 
7f478e974000-7f478ea75000 rw-p 00000000 00:00 0 
7f478ea75000-7f478ea76000 ---p 00000000 00:00 0 
7f478ea76000-7f478eb77000 rw-p 00000000 00:00 0 
7f478eb77000-7f478eb78000 ---p 00000000 00:00 0 
7f478eb78000-7f478ec79000 rw-p 00000000 00:00 0 
7f478ec79000-7f478ec7a000 ---p 00000000 00:00 0 
7f478ec7a000-7f478ed7b000 rw-p 00000000 00:00 0 
7f478ed7b000-7f478ed7c000 ---p 00000000 00:00 0 
7f478ed7c000-7f478ee7d000 rw-p 00000000 00:00 0 
7f478ee7d000-7f478ee82000 r-xp 00000000 08:02 19928917                   /home/saitoria/.gradle/native/36/linux-amd64/libnative-platform.so
7f478ee82000-7f478f082000 ---p 00005000 08:02 19928917                   /home/saitoria/.gradle/native/36/linux-amd64/libnative-platform.so
7f478f082000-7f478f083000 rw-p 00005000 08:02 19928917                   /home/saitoria/.gradle/native/36/linux-amd64/libnative-platform.so
7f478f083000-7f478f084000 ---p 00000000 00:00 0 
7f478f084000-7f478f185000 rw-p 00000000 00:00 0 
7f478f185000-7f478f189000 ---p 00000000 00:00 0 
7f478f189000-7f478f286000 rw-p 00000000 00:00 0 
7f478f286000-7f478f28a000 ---p 00000000 00:00 0 
7f478f28a000-7f478f387000 rw-p 00000000 00:00 0 
7f478f387000-7f478f38b000 ---p 00000000 00:00 0 
7f478f38b000-7f478f488000 rw-p 00000000 00:00 0 
7f478f488000-7f478f48c000 ---p 00000000 00:00 0 
7f478f48c000-7f478f589000 rw-p 00000000 00:00 0 
7f478f589000-7f478f58d000 ---p 00000000 00:00 0 
7f478f58d000-7f478f68a000 rw-p 00000000 00:00 0 
7f478f68a000-7f478f68e000 ---p 00000000 00:00 0 
7f478f68e000-7f478f78b000 rw-p 00000000 00:00 0 
7f478f78b000-7f478fcfc000 r--p 00000000 08:02 34079577                   /usr/lib/locale/locale-archive
7f478fcfc000-7f478fd00000 ---p 00000000 00:00 0 
7f478fd00000-7f478fdfd000 rw-p 00000000 00:00 0 
7f478fdfd000-7f478fe01000 ---p 00000000 00:00 0 
7f478fe01000-7f478fefe000 rw-p 00000000 00:00 0 
7f478fefe000-7f478feff000 ---p 00000000 00:00 0 
7f478feff000-7f4790000000 rw-p 00000000 00:00 0 
7f4790000000-7f4790021000 rw-p 00000000 00:00 0 
7f4790021000-7f4794000000 ---p 00000000 00:00 0 
7f4794000000-7f4794021000 rw-p 00000000 00:00 0 
7f4794021000-7f4798000000 ---p 00000000 00:00 0 
7f4798000000-7f4798021000 rw-p 00000000 00:00 0 
7f4798021000-7f479c000000 ---p 00000000 00:00 0 
7f479c076000-7f479c8f7000 rw-p 00000000 00:00 0 
7f479c8f7000-7f479c8f8000 ---p 00000000 00:00 0 
7f479c8f8000-7f479c9f9000 rw-p 00000000 00:00 0 
7f479c9f9000-7f479c9fa000 ---p 00000000 00:00 0 
7f479c9fa000-7f479f400000 rw-p 00000000 00:00 0 
7f479f400000-7f479f7f8000 ---p 00000000 00:00 0 
7f479f7f8000-7f479fc00000 rw-p 00000000 00:00 0 
7f479fc00000-7f479fff8000 ---p 00000000 00:00 0 
7f479fff8000-7f47a0000000 rw-p 00000000 00:00 0 
7f47a0000000-7f47a0021000 rw-p 00000000 00:00 0 
7f47a0021000-7f47a4000000 ---p 00000000 00:00 0 
7f47a4029000-7f47a4030000 r--s 00000000 08:02 34738630                   /usr/lib/x86_64-linux-gnu/gconv/gconv-modules.cache
7f47a4030000-7f47a4032000 r--p 00000000 08:02 34474319                   /usr/lib/jvm/java-11-openjdk-amd64/lib/libmanagement_ext.so
7f47a4032000-7f47a4035000 r-xp 00002000 08:02 34474319                   /usr/lib/jvm/java-11-openjdk-amd64/lib/libmanagement_ext.so
7f47a4035000-7f47a4036000 r--p 00005000 08:02 34474319                   /usr/lib/jvm/java-11-openjdk-amd64/lib/libmanagement_ext.so
7f47a4036000-7f47a4037000 ---p 00006000 08:02 34474319                   /usr/lib/jvm/java-11-openjdk-amd64/lib/libmanagement_ext.so
7f47a4037000-7f47a4038000 r--p 00006000 08:02 34474319                   /usr/lib/jvm/java-11-openjdk-amd64/lib/libmanagement_ext.so
7f47a4038000-7f47a4039000 rw-p 00007000 08:02 34474319                   /usr/lib/jvm/java-11-openjdk-amd64/lib/libmanagement_ext.so
7f47a4039000-7f47a403c000 r--p 00000000 08:02 34474317                   /usr/lib/jvm/java-11-openjdk-amd64/lib/libmanagement.so
7f47a403c000-7f47a403d000 r-xp 00003000 08:02 34474317                   /usr/lib/jvm/java-11-openjdk-amd64/lib/libmanagement.so
7f47a403d000-7f47a403e000 r--p 00004000 08:02 34474317                   /usr/lib/jvm/java-11-openjdk-amd64/lib/libmanagement.so
7f47a403e000-7f47a403f000 r--p 00004000 08:02 34474317                   /usr/lib/jvm/java-11-openjdk-amd64/lib/libmanagement.so
7f47a403f000-7f47a4040000 rw-p 00005000 08:02 34474317                   /usr/lib/jvm/java-11-openjdk-amd64/lib/libmanagement.so
7f47a4040000-7f47a4374000 rw-p 00000000 00:00 0 
7f47a4374000-7f47a4375000 ---p 00000000 00:00 0 
7f47a4375000-7f47a4476000 rw-p 00000000 00:00 0 
7f47a4476000-7f47a4477000 ---p 00000000 00:00 0 
7f47a4477000-7f47a45f8000 rw-p 00000000 00:00 0 
7f47a45f8000-7f47a4677000 ---p 00000000 00:00 0 
7f47a4677000-7f47a46f8000 rw-p 00000000 00:00 0 
7f47a46f8000-7f47a4777000 ---p 00000000 00:00 0 
7f47a4777000-7f47a47f8000 rw-p 00000000 00:00 0 
7f47a47f8000-7f47a4877000 ---p 00000000 00:00 0 
7f47a4877000-7f47a4878000 rw-p 00000000 00:00 0 
7f47a4878000-7f47a4ae8000 rwxp 00000000 00:00 0 
7f47a4ae8000-7f47a4e09000 ---p 00000000 00:00 0 
7f47a4e09000-7f47a5229000 rwxp 00000000 00:00 0 
7f47a5229000-7f47ac340000 ---p 00000000 00:00 0 
7f47ac340000-7f47ac5b0000 rwxp 00000000 00:00 0 
7f47ac5b0000-7f47b3878000 ---p 00000000 00:00 0 
7f47b3878000-7f47bc000000 r--s 00000000 08:02 34479353                   /usr/lib/jvm/java-11-openjdk-amd64/lib/modules
7f47bc000000-7f47bd2dc000 rw-p 00000000 00:00 0 
7f47bd2dc000-7f47c0000000 ---p 00000000 00:00 0 
7f47c0002000-7f47c0006000 r--p 00000000 08:02 34474321                   /usr/lib/jvm/java-11-openjdk-amd64/lib/libnet.so
7f47c0006000-7f47c0015000 r-xp 00004000 08:02 34474321                   /usr/lib/jvm/java-11-openjdk-amd64/lib/libnet.so
7f47c0015000-7f47c0019000 r--p 00013000 08:02 34474321                   /usr/lib/jvm/java-11-openjdk-amd64/lib/libnet.so
7f47c0019000-7f47c001a000 r--p 00016000 08:02 34474321                   /usr/lib/jvm/java-11-openjdk-amd64/lib/libnet.so
7f47c001a000-7f47c001b000 rw-p 00017000 08:02 34474321                   /usr/lib/jvm/java-11-openjdk-amd64/lib/libnet.so
7f47c001b000-7f47c0022000 r--p 00000000 08:02 34474673                   /usr/lib/jvm/java-11-openjdk-amd64/lib/libnio.so
7f47c0022000-7f47c002a000 r-xp 00007000 08:02 34474673                   /usr/lib/jvm/java-11-openjdk-amd64/lib/libnio.so
7f47c002a000-7f47c002d000 r--p 0000f000 08:02 34474673                   /usr/lib/jvm/java-11-openjdk-amd64/lib/libnio.so
7f47c002d000-7f47c002e000 r--p 00011000 08:02 34474673                   /usr/lib/jvm/java-11-openjdk-amd64/lib/libnio.so
7f47c002e000-7f47c002f000 rw-p 00012000 08:02 34474673                   /usr/lib/jvm/java-11-openjdk-amd64/lib/libnio.so
7f47c002f000-7f47c08dc000 rw-p 00000000 00:00 0 
7f47c08dc000-7f47c08dd000 ---p 00000000 00:00 0 
7f47c08dd000-7f47c09e3000 rw-p 00000000 00:00 0 
7f47c09e3000-7f47c0ac9000 ---p 00000000 00:00 0 
7f47c0ac9000-7f47c0ad2000 rw-p 00000000 00:00 0 
7f47c0ad2000-7f47c0bb4000 ---p 00000000 00:00 0 
7f47c0bb4000-7f47c0bb9000 rw-p 00000000 00:00 0 
7f47c0bb9000-7f47c0bc0000 ---p 00000000 00:00 0 
7f47c0bc0000-7f47c0bc3000 r--p 00000000 08:02 34080906                   /usr/lib/x86_64-linux-gnu/libnss_files-2.31.so
7f47c0bc3000-7f47c0bca000 r-xp 00003000 08:02 34080906                   /usr/lib/x86_64-linux-gnu/libnss_files-2.31.so
7f47c0bca000-7f47c0bcc000 r--p 0000a000 08:02 34080906                   /usr/lib/x86_64-linux-gnu/libnss_files-2.31.so
7f47c0bcc000-7f47c0bcd000 r--p 0000b000 08:02 34080906                   /usr/lib/x86_64-linux-gnu/libnss_files-2.31.so
7f47c0bcd000-7f47c0bce000 rw-p 0000c000 08:02 34080906                   /usr/lib/x86_64-linux-gnu/libnss_files-2.31.so
7f47c0bce000-7f47c0bd4000 rw-p 00000000 00:00 0 
7f47c0bd5000-7f47c0bd6000 r--p 00000000 08:02 34474303                   /usr/lib/jvm/java-11-openjdk-amd64/lib/libextnet.so
7f47c0bd6000-7f47c0bd7000 r-xp 00001000 08:02 34474303                   /usr/lib/jvm/java-11-openjdk-amd64/lib/libextnet.so
7f47c0bd7000-7f47c0bd8000 r--p 00002000 08:02 34474303                   /usr/lib/jvm/java-11-openjdk-amd64/lib/libextnet.so
7f47c0bd8000-7f47c0bd9000 r--p 00002000 08:02 34474303                   /usr/lib/jvm/java-11-openjdk-amd64/lib/libextnet.so
7f47c0bd9000-7f47c0bda000 rw-p 00003000 08:02 34474303                   /usr/lib/jvm/java-11-openjdk-amd64/lib/libextnet.so
7f47c0bda000-7f47c0bdc000 r--p 00000000 08:02 34479352                   /usr/lib/jvm/java-11-openjdk-amd64/lib/libzip.so
7f47c0bdc000-7f47c0be0000 r-xp 00002000 08:02 34479352                   /usr/lib/jvm/java-11-openjdk-amd64/lib/libzip.so
7f47c0be0000-7f47c0be2000 r--p 00006000 08:02 34479352                   /usr/lib/jvm/java-11-openjdk-amd64/lib/libzip.so
7f47c0be2000-7f47c0be3000 r--p 00007000 08:02 34479352                   /usr/lib/jvm/java-11-openjdk-amd64/lib/libzip.so
7f47c0be3000-7f47c0be4000 rw-p 00008000 08:02 34479352                   /usr/lib/jvm/java-11-openjdk-amd64/lib/libzip.so
7f47c0be4000-7f47c0bec000 rw-s 00000000 08:02 16520208                   /tmp/hsperfdata_saitoria/24458
7f47c0bec000-7f47c0bee000 r--p 00000000 08:02 34474313                   /usr/lib/jvm/java-11-openjdk-amd64/lib/libjimage.so
7f47c0bee000-7f47c0bf1000 r-xp 00002000 08:02 34474313                   /usr/lib/jvm/java-11-openjdk-amd64/lib/libjimage.so
7f47c0bf1000-7f47c0bf2000 r--p 00005000 08:02 34474313                   /usr/lib/jvm/java-11-openjdk-amd64/lib/libjimage.so
7f47c0bf2000-7f47c0bf3000 ---p 00006000 08:02 34474313                   /usr/lib/jvm/java-11-openjdk-amd64/lib/libjimage.so
7f47c0bf3000-7f47c0bf4000 r--p 00006000 08:02 34474313                   /usr/lib/jvm/java-11-openjdk-amd64/lib/libjimage.so
7f47c0bf4000-7f47c0bf5000 rw-p 00007000 08:02 34474313                   /usr/lib/jvm/java-11-openjdk-amd64/lib/libjimage.so
7f47c0bf5000-7f47c0c03000 r--p 00000000 08:02 34474310                   /usr/lib/jvm/java-11-openjdk-amd64/lib/libjava.so
7f47c0c03000-7f47c0c19000 r-xp 0000e000 08:02 34474310                   /usr/lib/jvm/java-11-openjdk-amd64/lib/libjava.so
7f47c0c19000-7f47c0c20000 r--p 00024000 08:02 34474310                   /usr/lib/jvm/java-11-openjdk-amd64/lib/libjava.so
7f47c0c20000-7f47c0c21000 r--p 0002a000 08:02 34474310                   /usr/lib/jvm/java-11-openjdk-amd64/lib/libjava.so
7f47c0c21000-7f47c0c22000 rw-p 0002b000 08:02 34474310                   /usr/lib/jvm/java-11-openjdk-amd64/lib/libjava.so
7f47c0c22000-7f47c0c23000 rw-p 00000000 00:00 0 
7f47c0c23000-7f47c0c26000 r--p 00000000 08:02 34080913                   /usr/lib/x86_64-linux-gnu/librt-2.31.so
7f47c0c26000-7f47c0c2a000 r-xp 00003000 08:02 34080913                   /usr/lib/x86_64-linux-gnu/librt-2.31.so
7f47c0c2a000-7f47c0c2b000 r--p 00007000 08:02 34080913                   /usr/lib/x86_64-linux-gnu/librt-2.31.so
7f47c0c2b000-7f47c0c2c000 ---p 00008000 08:02 34080913                   /usr/lib/x86_64-linux-gnu/librt-2.31.so
7f47c0c2c000-7f47c0c2d000 r--p 00008000 08:02 34080913                   /usr/lib/x86_64-linux-gnu/librt-2.31.so
7f47c0c2d000-7f47c0c2e000 rw-p 00009000 08:02 34080913                   /usr/lib/x86_64-linux-gnu/librt-2.31.so
7f47c0c2e000-7f47c0c32000 ---p 00000000 00:00 0 
7f47c0c32000-7f47c0d2f000 rw-p 00000000 00:00 0 
7f47c0d2f000-7f47c0d32000 r--p 00000000 08:02 34078795                   /usr/lib/x86_64-linux-gnu/libgcc_s.so.1
7f47c0d32000-7f47c0d44000 r-xp 00003000 08:02 34078795                   /usr/lib/x86_64-linux-gnu/libgcc_s.so.1
7f47c0d44000-7f47c0d48000 r--p 00015000 08:02 34078795                   /usr/lib/x86_64-linux-gnu/libgcc_s.so.1
7f47c0d48000-7f47c0d49000 r--p 00018000 08:02 34078795                   /usr/lib/x86_64-linux-gnu/libgcc_s.so.1
7f47c0d49000-7f47c0d4a000 rw-p 00019000 08:02 34078795                   /usr/lib/x86_64-linux-gnu/libgcc_s.so.1
7f47c0d4a000-7f47c0d59000 r--p 00000000 08:02 34080900                   /usr/lib/x86_64-linux-gnu/libm-2.31.so
7f47c0d59000-7f47c0e00000 r-xp 0000f000 08:02 34080900                   /usr/lib/x86_64-linux-gnu/libm-2.31.so
7f47c0e00000-7f47c0e97000 r--p 000b6000 08:02 34080900                   /usr/lib/x86_64-linux-gnu/libm-2.31.so
7f47c0e97000-7f47c0e98000 r--p 0014c000 08:02 34080900                   /usr/lib/x86_64-linux-gnu/libm-2.31.so
7f47c0e98000-7f47c0e99000 rw-p 0014d000 08:02 34080900                   /usr/lib/x86_64-linux-gnu/libm-2.31.so
7f47c0e99000-7f47c0f2f000 r--p 00000000 08:02 34084087                   /usr/lib/x86_64-linux-gnu/libstdc++.so.6.0.28
7f47c0f2f000-7f47c1020000 r-xp 00096000 08:02 34084087                   /usr/lib/x86_64-linux-gnu/libstdc++.so.6.0.28
7f47c1020000-7f47c1069000 r--p 00187000 08:02 34084087                   /usr/lib/x86_64-linux-gnu/libstdc++.so.6.0.28
7f47c1069000-7f47c106a000 ---p 001d0000 08:02 34084087                   /usr/lib/x86_64-linux-gnu/libstdc++.so.6.0.28
7f47c106a000-7f47c1075000 r--p 001d0000 08:02 34084087                   /usr/lib/x86_64-linux-gnu/libstdc++.so.6.0.28
7f47c1075000-7f47c1078000 rw-p 001db000 08:02 34084087                   /usr/lib/x86_64-linux-gnu/libstdc++.so.6.0.28
7f47c1078000-7f47c107b000 rw-p 00000000 00:00 0 
7f47c107b000-7f47c12f5000 r--p 00000000 08:02 34479356                   /usr/lib/jvm/java-11-openjdk-amd64/lib/server/libjvm.so
7f47c12f5000-7f47c1f7a000 r-xp 0027a000 08:02 34479356                   /usr/lib/jvm/java-11-openjdk-amd64/lib/server/libjvm.so
7f47c1f7a000-7f47c21d1000 r--p 00eff000 08:02 34479356                   /usr/lib/jvm/java-11-openjdk-amd64/lib/server/libjvm.so
7f47c21d1000-7f47c2292000 r--p 01155000 08:02 34479356                   /usr/lib/jvm/java-11-openjdk-amd64/lib/server/libjvm.so
7f47c2292000-7f47c22cd000 rw-p 01216000 08:02 34479356                   /usr/lib/jvm/java-11-openjdk-amd64/lib/server/libjvm.so
7f47c22cd000-7f47c2326000 rw-p 00000000 00:00 0 
7f47c2326000-7f47c232d000 r--p 00000000 08:02 34080911                   /usr/lib/x86_64-linux-gnu/libpthread-2.31.so
7f47c232d000-7f47c233e000 r-xp 00007000 08:02 34080911                   /usr/lib/x86_64-linux-gnu/libpthread-2.31.so
7f47c233e000-7f47c2343000 r--p 00018000 08:02 34080911                   /usr/lib/x86_64-linux-gnu/libpthread-2.31.so
7f47c2343000-7f47c2344000 r--p 0001c000 08:02 34080911                   /usr/lib/x86_64-linux-gnu/libpthread-2.31.so
7f47c2344000-7f47c2345000 rw-p 0001d000 08:02 34080911                   /usr/lib/x86_64-linux-gnu/libpthread-2.31.so
7f47c2345000-7f47c2349000 rw-p 00000000 00:00 0 
7f47c2349000-7f47c234a000 r--p 00000000 08:02 34080899                   /usr/lib/x86_64-linux-gnu/libdl-2.31.so
7f47c234a000-7f47c234c000 r-xp 00001000 08:02 34080899                   /usr/lib/x86_64-linux-gnu/libdl-2.31.so
7f47c234c000-7f47c234d000 r--p 00003000 08:02 34080899                   /usr/lib/x86_64-linux-gnu/libdl-2.31.so
7f47c234d000-7f47c234e000 r--p 00003000 08:02 34080899                   /usr/lib/x86_64-linux-gnu/libdl-2.31.so
7f47c234e000-7f47c234f000 rw-p 00004000 08:02 34080899                   /usr/lib/x86_64-linux-gnu/libdl-2.31.so
7f47c234f000-7f47c2351000 r--p 00000000 08:02 34078914                   /usr/lib/x86_64-linux-gnu/libz.so.1.2.11
7f47c2351000-7f47c2362000 r-xp 00002000 08:02 34078914                   /usr/lib/x86_64-linux-gnu/libz.so.1.2.11
7f47c2362000-7f47c2368000 r--p 00013000 08:02 34078914                   /usr/lib/x86_64-linux-gnu/libz.so.1.2.11
7f47c2368000-7f47c2369000 ---p 00019000 08:02 34078914                   /usr/lib/x86_64-linux-gnu/libz.so.1.2.11
7f47c2369000-7f47c236a000 r--p 00019000 08:02 34078914                   /usr/lib/x86_64-linux-gnu/libz.so.1.2.11
7f47c236a000-7f47c236b000 rw-p 0001a000 08:02 34078914                   /usr/lib/x86_64-linux-gnu/libz.so.1.2.11
7f47c236b000-7f47c2390000 r--p 00000000 08:02 34080898                   /usr/lib/x86_64-linux-gnu/libc-2.31.so
7f47c2390000-7f47c2508000 r-xp 00025000 08:02 34080898                   /usr/lib/x86_64-linux-gnu/libc-2.31.so
7f47c2508000-7f47c2552000 r--p 0019d000 08:02 34080898                   /usr/lib/x86_64-linux-gnu/libc-2.31.so
7f47c2552000-7f47c2553000 ---p 001e7000 08:02 34080898                   /usr/lib/x86_64-linux-gnu/libc-2.31.so
7f47c2553000-7f47c2556000 r--p 001e7000 08:02 34080898                   /usr/lib/x86_64-linux-gnu/libc-2.31.so
7f47c2556000-7f47c2559000 rw-p 001ea000 08:02 34080898                   /usr/lib/x86_64-linux-gnu/libc-2.31.so
7f47c2559000-7f47c255d000 rw-p 00000000 00:00 0 
7f47c255f000-7f47c2561000 r--s 0000c000 08:02 34869131                   /usr/share/java/java-atk-wrapper.jar
7f47c2561000-7f47c2562000 ---p 00000000 00:00 0 
7f47c2562000-7f47c2563000 r--p 00000000 00:00 0 
7f47c2563000-7f47c2568000 r--p 00000000 08:02 34479351                   /usr/lib/jvm/java-11-openjdk-amd64/lib/libverify.so
7f47c2568000-7f47c256f000 r-xp 00005000 08:02 34479351                   /usr/lib/jvm/java-11-openjdk-amd64/lib/libverify.so
7f47c256f000-7f47c2571000 r--p 0000c000 08:02 34479351                   /usr/lib/jvm/java-11-openjdk-amd64/lib/libverify.so
7f47c2571000-7f47c2572000 ---p 0000e000 08:02 34479351                   /usr/lib/jvm/java-11-openjdk-amd64/lib/libverify.so
7f47c2572000-7f47c2574000 r--p 0000e000 08:02 34479351                   /usr/lib/jvm/java-11-openjdk-amd64/lib/libverify.so
7f47c2574000-7f47c2575000 rw-p 00010000 08:02 34479351                   /usr/lib/jvm/java-11-openjdk-amd64/lib/libverify.so
7f47c2575000-7f47c2578000 r--p 00000000 08:02 34474294                   /usr/lib/jvm/java-11-openjdk-amd64/lib/jli/libjli.so
7f47c2578000-7f47c2582000 r-xp 00003000 08:02 34474294                   /usr/lib/jvm/java-11-openjdk-amd64/lib/jli/libjli.so
7f47c2582000-7f47c2585000 r--p 0000d000 08:02 34474294                   /usr/lib/jvm/java-11-openjdk-amd64/lib/jli/libjli.so
7f47c2585000-7f47c2586000 ---p 00010000 08:02 34474294                   /usr/lib/jvm/java-11-openjdk-amd64/lib/jli/libjli.so
7f47c2586000-7f47c2587000 r--p 00010000 08:02 34474294                   /usr/lib/jvm/java-11-openjdk-amd64/lib/jli/libjli.so
7f47c2587000-7f47c2588000 rw-p 00011000 08:02 34474294                   /usr/lib/jvm/java-11-openjdk-amd64/lib/jli/libjli.so
7f47c2588000-7f47c258a000 rw-p 00000000 00:00 0 
7f47c258a000-7f47c258b000 r--p 00000000 08:02 34080893                   /usr/lib/x86_64-linux-gnu/ld-2.31.so
7f47c258b000-7f47c25ae000 r-xp 00001000 08:02 34080893                   /usr/lib/x86_64-linux-gnu/ld-2.31.so
7f47c25ae000-7f47c25b6000 r--p 00024000 08:02 34080893                   /usr/lib/x86_64-linux-gnu/ld-2.31.so
7f47c25b7000-7f47c25b8000 r--p 0002c000 08:02 34080893                   /usr/lib/x86_64-linux-gnu/ld-2.31.so
7f47c25b8000-7f47c25b9000 rw-p 0002d000 08:02 34080893                   /usr/lib/x86_64-linux-gnu/ld-2.31.so
7f47c25b9000-7f47c25ba000 rw-p 00000000 00:00 0 
7ffca4788000-7ffca47aa000 rw-p 00000000 00:00 0                          [stack]
7ffca47ba000-7ffca47bd000 r--p 00000000 00:00 0                          [vvar]
7ffca47bd000-7ffca47be000 r-xp 00000000 00:00 0                          [vdso]
ffffffffff600000-ffffffffff601000 --xp 00000000 00:00 0                  [vsyscall]


VM Arguments:
jvm_args: --add-opens=java.base/java.util=ALL-UNNAMED --add-opens=java.base/java.lang=ALL-UNNAMED --add-opens=java.base/java.lang.invoke=ALL-UNNAMED --add-opens=java.prefs/java.util.prefs=ALL-UNNAMED -XX:MaxMetaspaceSize=256m -XX:+HeapDumpOnOutOfMemoryError -Xms256m -Xmx512m -Dfile.encoding=UTF-8 -Duser.country=US -Duser.language=en -Duser.variant 
java_command: org.gradle.launcher.daemon.bootstrap.GradleDaemon 6.2
java_class_path (initial): /home/saitoria/.gradle/wrapper/dists/gradle-6.2-all/dvufqs6kielxeao781pmk5huj/gradle-6.2/lib/gradle-launcher-6.2.jar
Launcher Type: SUN_STANDARD

[Global flags]
     intx CICompilerCount                          = 4                                         {product} {ergonomic}
   size_t CompressedClassSpaceSize                 = 260046848                                 {product} {ergonomic}
     uint ConcGCThreads                            = 2                                         {product} {ergonomic}
     uint G1ConcRefinementThreads                  = 8                                         {product} {ergonomic}
   size_t G1HeapRegionSize                         = 1048576                                   {product} {ergonomic}
    uintx GCDrainStackTargetSize                   = 64                                        {product} {ergonomic}
     bool HeapDumpOnOutOfMemoryError               = true                                   {manageable} {command line}
   size_t InitialHeapSize                          = 268435456                                 {product} {command line}
   size_t MarkStackSize                            = 4194304                                   {product} {ergonomic}
   size_t MaxHeapSize                              = 536870912                                 {product} {command line}
   size_t MaxMetaspaceSize                         = 268435456                                 {product} {command line}
   size_t MaxNewSize                               = 321912832                                 {product} {ergonomic}
   size_t MinHeapDeltaBytes                        = 1048576                                   {product} {ergonomic}
    uintx NonNMethodCodeHeapSize                   = 5836300                                {pd product} {ergonomic}
    uintx NonProfiledCodeHeapSize                  = 122910970                              {pd product} {ergonomic}
    uintx ProfiledCodeHeapSize                     = 122910970                              {pd product} {ergonomic}
    uintx ReservedCodeCacheSize                    = 251658240                              {pd product} {ergonomic}
     bool SegmentedCodeCache                       = true                                      {product} {ergonomic}
     bool UseCompressedClassPointers               = true                                 {lp64_product} {ergonomic}
     bool UseCompressedOops                        = true                                 {lp64_product} {ergonomic}
     bool UseG1GC                                  = true                                      {product} {ergonomic}

Logging:
Log output configuration:
 #0: stdout all=warning uptime,level,tags
 #1: stderr all=off uptime,level,tags

Environment Variables:
PATH=/home/saitoria/Desktop/Desktop/Programming/Android programming/React Native projects/HygieneApp/android/node_modules/.bin:/home/saitoria/Desktop/Desktop/Programming/Android programming/React Native projects/HygieneApp/node_modules/.bin:/home/saitoria/Desktop/Desktop/Programming/Android programming/React Native projects/node_modules/.bin:/home/saitoria/Desktop/Desktop/Programming/Android programming/node_modules/.bin:/home/saitoria/Desktop/Desktop/Programming/node_modules/.bin:/home/saitoria/Desktop/Desktop/node_modules/.bin:/home/saitoria/Desktop/node_modules/.bin:/home/saitoria/node_modules/.bin:/home/node_modules/.bin:/node_modules/.bin:/usr/bin:/usr/local/sbin:/usr/local/bin:/usr/sbin:/usr/bin:/sbin:/bin:/usr/games:/usr/local/games
USERNAME=saitoria
SHELL=/bin/bash
DISPLAY=:1
LANG=en_US.UTF-8

Signal Handlers:
SIGSEGV: [libjvm.so+0xe8ba00], sa_mask[0]=11111111011111111101111111111110, sa_flags=SA_RESTART|SA_SIGINFO
SIGBUS: [libjvm.so+0xe8ba00], sa_mask[0]=11111111011111111101111111111110, sa_flags=SA_RESTART|SA_SIGINFO
SIGFPE: [libjvm.so+0xe8ba00], sa_mask[0]=11111111011111111101111111111110, sa_flags=SA_RESTART|SA_SIGINFO
SIGPIPE: [libjvm.so+0xbd10f0], sa_mask[0]=11111111011111111101111111111110, sa_flags=SA_RESTART|SA_SIGINFO
SIGXFSZ: [libjvm.so+0xbd10f0], sa_mask[0]=11111111011111111101111111111110, sa_flags=SA_RESTART|SA_SIGINFO
SIGILL: [libjvm.so+0xe8ba00], sa_mask[0]=11111111011111111101111111111110, sa_flags=SA_RESTART|SA_SIGINFO
SIGUSR2: [libjvm.so+0xbd0f90], sa_mask[0]=00100000000000000000000000000000, sa_flags=SA_RESTART|SA_SIGINFO
SIGHUP: [libjvm.so+0xbd1430], sa_mask[0]=11111111011111111101111111111110, sa_flags=SA_RESTART|SA_SIGINFO
SIGINT: [libjvm.so+0xbd1430], sa_mask[0]=11111111011111111101111111111110, sa_flags=SA_RESTART|SA_SIGINFO
SIGTERM: [libjvm.so+0xbd1430], sa_mask[0]=11111111011111111101111111111110, sa_flags=SA_RESTART|SA_SIGINFO
SIGQUIT: [libjvm.so+0xbd1430], sa_mask[0]=11111111011111111101111111111110, sa_flags=SA_RESTART|SA_SIGINFO


---------------  S Y S T E M  ---------------

OS:DISTRIB_ID=Ubuntu
DISTRIB_RELEASE=20.04
DISTRIB_CODENAME=focal
DISTRIB_DESCRIPTION="Ubuntu 20.04.2 LTS"
uname:Linux 5.4.0-42-generic #46-Ubuntu SMP Fri Jul 10 00:24:02 UTC 2020 x86_64
OS uptime: 0 days 3:06 hours
libc:glibc 2.31 NPTL 2.31 
rlimit (soft/hard): STACK 8192k/infinity , CORE 0k/infinity , NPROC 63280/63280 , NOFILE 1048576/1048576 , AS infinity/infinity , CPU infinity/infinity , DATA infinity/infinity , FSIZE infinity/infinity , MEMLOCK 65536k/65536k
load average:15.77 4.72 1.84

/proc/meminfo:
MemTotal:       16257808 kB
MemFree:          179428 kB
MemAvailable:    7408792 kB
Buffers:          399384 kB
Cached:          7669940 kB
SwapCached:          184 kB
Active:          8914300 kB
Inactive:        5799232 kB
Active(anon):    6613912 kB
Inactive(anon):  1254676 kB
Active(file):    2300388 kB
Inactive(file):  4544556 kB
Unevictable:       88420 kB
Mlocked:              32 kB
SwapTotal:       2097148 kB
SwapFree:        2094576 kB
Dirty:            151532 kB
Writeback:             0 kB
AnonPages:       6730664 kB
Mapped:           887356 kB
Shmem:           1223864 kB
KReclaimable:     727536 kB
Slab:             934164 kB
SReclaimable:     727536 kB
SUnreclaim:       206628 kB
KernelStack:       18432 kB
PageTables:        44672 kB
NFS_Unstable:          0 kB
Bounce:                0 kB
WritebackTmp:          0 kB
CommitLimit:    10226052 kB
Committed_AS:   14714488 kB
VmallocTotal:   34359738367 kB
VmallocUsed:       77636 kB
VmallocChunk:          0 kB
Percpu:             7328 kB
HardwareCorrupted:     0 kB
AnonHugePages:   2095104 kB
ShmemHugePages:        0 kB
ShmemPmdMapped:        0 kB
FileHugePages:         0 kB
FilePmdMapped:         0 kB
CmaTotal:              0 kB
CmaFree:               0 kB
HugePages_Total:       0
HugePages_Free:        0
HugePages_Rsvd:        0
HugePages_Surp:        0
Hugepagesize:       2048 kB
Hugetlb:               0 kB
DirectMap4k:      407808 kB
DirectMap2M:    12036096 kB
DirectMap1G:     5242880 kB

/sys/kernel/mm/transparent_hugepage/enabled:
always [madvise] never
/sys/kernel/mm/transparent_hugepage/defrag (defrag/compaction efforts parameter):
always defer defer+madvise [madvise] never

Process Memory:
Virtual Size: 3833488K (peak: 3961376K)
Resident Set Size: 243324K (peak: 243324K) (anon: 216440K, file: 26884K, shmem: 0K)
Swapped out: 0K
C-Heap outstanding allocations: 54737K

/proc/sys/kernel/threads-max (system-wide limit on the number of threads):
126561
/proc/sys/vm/max_map_count (maximum number of memory map areas a process may have):
65530
/proc/sys/kernel/pid_max (system-wide limit on number of process identifiers):
4194304

container (cgroup) information:
container_type: cgroupv1
cpu_cpuset_cpus: 0-7
cpu_memory_nodes: 0
active_processor_count: 8
cpu_quota: -1
cpu_period: 100000
cpu_shares: -1
memory_limit_in_bytes: -1
memory_and_swap_limit_in_bytes: -2
memory_soft_limit_in_bytes: -1
memory_usage_in_bytes: 13975334912
memory_max_usage_in_bytes: 14332239872

Steal ticks since vm start: 0
Steal ticks percentage since vm start:  0.000

CPU:total 8 (initial active 8) (4 cores per cpu, 2 threads per core) family 6 model 158 stepping 9 microcode 0xea, cmov, cx8, fxsr, mmx, sse, sse2, sse3, ssse3, sse4.1, sse4.2, popcnt, avx, avx2, aes, clmul, erms, 3dnowpref, lzcnt, ht, tsc, tscinvbit, bmi1, bmi2, adx, fma
CPU Model and flags from /proc/cpuinfo:
model name	: Intel(R) Core(TM) i7-7700HQ CPU @ 2.80GHz
flags		: fpu vme de pse tsc msr pae mce cx8 apic sep mtrr pge mca cmov pat pse36 clflush dts acpi mmx fxsr sse sse2 ss ht tm pbe syscall nx pdpe1gb rdtscp lm constant_tsc art arch_perfmon pebs bts rep_good nopl xtopology nonstop_tsc cpuid aperfmperf pni pclmulqdq dtes64 monitor ds_cpl vmx est tm2 ssse3 sdbg fma cx16 xtpr pdcm pcid sse4_1 sse4_2 x2apic movbe popcnt tsc_deadline_timer aes xsave avx f16c rdrand lahf_lm abm 3dnowprefetch cpuid_fault epb invpcid_single pti ssbd ibrs ibpb stibp tpr_shadow vnmi flexpriority ept vpid ept_ad fsgsbase tsc_adjust bmi1 avx2 smep bmi2 erms invpcid mpx rdseed adx smap clflushopt intel_pt xsaveopt xsavec xgetbv1 xsaves dtherm ida arat pln pts hwp hwp_notify hwp_act_window hwp_epp md_clear flush_l1d
Online cpus:
0-7
Offline cpus:

BIOS frequency limitation:
<Not Available>
Frequency switch latency (ns):
0
Available cpu frequencies:
<Not Available>
Current governor:
powersave
Core performance/turbo boost:
<Not Available>

Memory: 4k page, physical 16257808k(179428k free), swap 2097148k(2094576k free)

vm_info: OpenJDK 64-Bit Server VM (11.0.11+9-Ubuntu-0ubuntu2.20.04) for linux-amd64 JRE (11.0.11+9-Ubuntu-0ubuntu2.20.04), built on Apr 21 2021 09:15:32 by "unknown" with gcc 9.3.0

END.
